{"logTime": "0601/034039", "correlationVector":"C68qJgEywp5t4tqh+jmZIP.150","action":"GetUpdates", "result":"DeleteReceived", "context":{"id":"67b12cf3-dad7-4c61-928d-6dfce5376100", "isDeleted:":"true", "version":"1714061318518"}}
{"logTime": "0601/034039", "correlationVector":"C68qJgEywp5t4tqh+jmZIP.151","action":"GetUpdates", "result":"DeleteReceived", "context":{"id":"c177026e-e8e0-428a-bdd3-54f692e79ab8", "isDeleted:":"true", "version":"1714061427160"}}
{"logTime": "0601/034039", "correlationVector":"C68qJgEywp5t4tqh+jmZIP.152","action":"GetUpdates", "result":"DeleteReceived", "context":{"id":"03a14844-2363-4ccc-8a1a-41bc8273e441", "isDeleted:":"true", "version":"1714062899833"}}
{"logTime": "0601/034039", "correlationVector":"C68qJgEywp5t4tqh+jmZIP.153","action":"GetUpdates", "result":"DeleteReceived", "context":{"id":"8b4e06d3-36c6-4579-b72b-12b1cfac40da", "isDeleted:":"true", "version":"1714067695938"}}
{"logTime": "0601/034039", "correlationVector":"C68qJgEywp5t4tqh+jmZIP.154","action":"GetUpdates", "result":"DeleteReceived", "context":{"id":"0f50502d-d20b-4220-8fd5-c1abfcd5884a", "isDeleted:":"true", "version":"1714071104693"}}
{"logTime": "0601/034039", "correlationVector":"C68qJgEywp5t4tqh+jmZIP.155","action":"GetUpdates", "result":"DeleteReceived", "context":{"id":"7116970e-044f-4574-9cb5-4dd3136b3aa9", "isDeleted:":"true", "version":"1714071104695"}}
{"logTime": "0601/034039", "correlationVector":"C68qJgEywp5t4tqh+jmZIP.156","action":"GetUpdates", "result":"DeleteReceived", "context":{"id":"4df83de5-96e9-416c-9a22-1a4350bd168d", "isDeleted:":"true", "version":"1714072105210"}}
{"logTime": "0601/034039", "correlationVector":"C68qJgEywp5t4tqh+jmZIP.157","action":"GetUpdates", "result":"DeleteReceived", "context":{"id":"31d07012-75a0-4dfa-89d2-e63af302ca1f", "isDeleted:":"true", "version":"1714072207090"}}
{"logTime": "0601/034039", "correlationVector":"C68qJgEywp5t4tqh+jmZIP.158","action":"GetUpdates", "result":"DeleteReceived", "context":{"id":"21e74845-7802-4ddc-94a9-fd97bc1654b1", "isDeleted:":"true", "version":"1714072265241"}}
{"logTime": "0601/034039", "correlationVector":"C68qJgEywp5t4tqh+jmZIP.159","action":"GetUpdates", "result":"DeleteReceived", "context":{"id":"8f01be4b-d999-4e9f-bfd0-db858dba532c", "isDeleted:":"true", "version":"1714072361999"}}
{"logTime": "0601/034039", "correlationVector":"C68qJgEywp5t4tqh+jmZIP.160","action":"GetUpdates", "result":"DeleteReceived", "context":{"id":"454bc9fa-11e6-4903-9759-ba136d7bfb0d", "isDeleted:":"true", "version":"1714098483412"}}
{"logTime": "0601/034039", "correlationVector":"C68qJgEywp5t4tqh+jmZIP.161","action":"GetUpdates", "result":"DeleteReceived", "context":{"id":"9e921db2-c4bb-46ff-b520-acca48911f22", "isDeleted:":"true", "version":"1714135028743"}}
{"logTime": "0601/034039", "correlationVector":"C68qJgEywp5t4tqh+jmZIP.162","action":"GetUpdates", "result":"DeleteReceived", "context":{"id":"8241314f-0f85-4247-981a-b8a7f3ef1c69", "isDeleted:":"true", "version":"1714168212794"}}
{"logTime": "0601/034039", "correlationVector":"C68qJgEywp5t4tqh+jmZIP.163","action":"GetUpdates", "result":"DeleteReceived", "context":{"id":"1a88f4f6-1ccf-4ffc-a910-65ca1a45705a", "isDeleted:":"true", "version":"1714173701496"}}
{"logTime": "0601/034039", "correlationVector":"C68qJgEywp5t4tqh+jmZIP.164","action":"GetUpdates", "result":"DeleteReceived", "context":{"id":"03d33db7-2705-4180-954c-864896de791d", "isDeleted:":"true", "version":"1714178374246"}}
{"logTime": "0601/034039", "correlationVector":"C68qJgEywp5t4tqh+jmZIP.165","action":"GetUpdates", "result":"DeleteReceived", "context":{"id":"3929b481-e26f-406e-9ff5-bd0522096e60", "isDeleted:":"true", "version":"1714328454334"}}
{"logTime": "0601/034039", "correlationVector":"C68qJgEywp5t4tqh+jmZIP.166","action":"GetUpdates", "result":"DeleteReceived", "context":{"id":"d2e300a8-0804-4460-a964-b0bc009c7f2d", "isDeleted:":"true", "version":"1714328454336"}}
{"logTime": "0601/034039", "correlationVector":"C68qJgEywp5t4tqh+jmZIP.167","action":"GetUpdates", "result":"DeleteReceived", "context":{"id":"1d58fde4-f3fd-403e-a22e-f24495ce7218", "isDeleted:":"true", "version":"1714334484875"}}
{"logTime": "0601/034039", "correlationVector":"C68qJgEywp5t4tqh+jmZIP.168","action":"GetUpdates", "result":"DeleteReceived", "context":{"id":"bf808f2b-503a-4fd4-b31f-76677270bf82", "isDeleted:":"true", "version":"1714337129059"}}
{"logTime": "0601/034039", "correlationVector":"C68qJgEywp5t4tqh+jmZIP.169","action":"GetUpdates", "result":"DeleteReceived", "context":{"id":"931bccbd-acca-45fc-ac01-80d93301b8ab", "isDeleted:":"true", "version":"1714430000661"}}
{"logTime": "0601/034039", "correlationVector":"C68qJgEywp5t4tqh+jmZIP.170","action":"GetUpdates", "result":"DeleteReceived", "context":{"id":"a7a478c6-2977-4754-a939-abf96c0f3406", "isDeleted:":"true", "version":"1714430000662"}}
{"logTime": "0601/034039", "correlationVector":"C68qJgEywp5t4tqh+jmZIP.171","action":"GetUpdates", "result":"DeleteReceived", "context":{"id":"5258d5c6-07d5-4f51-9ee9-a6c4e83ba338", "isDeleted:":"true", "version":"1714432879715"}}
{"logTime": "0601/034039", "correlationVector":"C68qJgEywp5t4tqh+jmZIP.172","action":"GetUpdates", "result":"DeleteReceived", "context":{"id":"4042647b-e41e-471e-8a94-bfe7854ef135", "isDeleted:":"true", "version":"1714433516954"}}
{"logTime": "0601/034039", "correlationVector":"C68qJgEywp5t4tqh+jmZIP.173","action":"GetUpdates", "result":"DeleteReceived", "context":{"id":"62104b13-6796-4a3f-8777-cfb3748c9bb1", "isDeleted:":"true", "version":"1714434086617"}}
{"logTime": "0601/034039", "correlationVector":"C68qJgEywp5t4tqh+jmZIP.174","action":"GetUpdates", "result":"DeleteReceived", "context":{"id":"0bd1be74-9281-40ab-a3cf-798774f03a96", "isDeleted:":"true", "version":"1714497563935"}}
{"logTime": "0601/034039", "correlationVector":"C68qJgEywp5t4tqh+jmZIP.175","action":"GetUpdates", "result":"DeleteReceived", "context":{"id":"5b43cd32-12a0-4db3-9d6a-539d6327f043", "isDeleted:":"true", "version":"1714498500651"}}
{"logTime": "0601/034039", "correlationVector":"C68qJgEywp5t4tqh+jmZIP.176","action":"GetUpdates", "result":"DeleteReceived", "context":{"id":"9c8780a0-dba4-4c87-937a-22d70b69046e", "isDeleted:":"true", "version":"1714502353855"}}
{"logTime": "0601/034039", "correlationVector":"C68qJgEywp5t4tqh+jmZIP.177","action":"GetUpdates", "result":"DeleteReceived", "context":{"id":"34c6082e-7b59-438b-af86-277a2c0c2bdd", "isDeleted:":"true", "version":"1714502621133"}}
{"logTime": "0601/034039", "correlationVector":"C68qJgEywp5t4tqh+jmZIP.178","action":"GetUpdates", "result":"DeleteReceived", "context":{"id":"cc84ae44-c97e-4def-8e74-cf750f8fd124", "isDeleted:":"true", "version":"1714505659894"}}
{"logTime": "0601/034039", "correlationVector":"C68qJgEywp5t4tqh+jmZIP.179","action":"GetUpdates", "result":"DeleteReceived", "context":{"id":"f3c46817-3ccd-4d74-8534-f5aaf9df85d8", "isDeleted:":"true", "version":"1714506049914"}}
{"logTime": "0601/034039", "correlationVector":"C68qJgEywp5t4tqh+jmZIP.180","action":"GetUpdates", "result":"DeleteReceived", "context":{"id":"d3a20fa6-ba1d-4311-abed-352cdca43a80", "isDeleted:":"true", "version":"1714506049915"}}
{"logTime": "0601/034039", "correlationVector":"C68qJgEywp5t4tqh+jmZIP.181","action":"GetUpdates", "result":"DeleteReceived", "context":{"id":"61f08b77-3d90-498a-9f2f-75a1b508fb20", "isDeleted:":"true", "version":"1714510871718"}}
{"logTime": "0601/034039", "correlationVector":"C68qJgEywp5t4tqh+jmZIP.182","action":"GetUpdates", "result":"DeleteReceived", "context":{"id":"18c19d7e-aa01-4a6d-b0c3-dcf68b165c3d", "isDeleted:":"true", "version":"1714510871719"}}
{"logTime": "0601/034039", "correlationVector":"C68qJgEywp5t4tqh+jmZIP.183","action":"GetUpdates", "result":"DeleteReceived", "context":{"id":"06e3a78d-aa10-4750-be93-97c7e9b88256", "isDeleted:":"true", "version":"1714523496829"}}
{"logTime": "0601/034039", "correlationVector":"C68qJgEywp5t4tqh+jmZIP.184","action":"GetUpdates", "result":"DeleteReceived", "context":{"id":"d11cac3d-bc9b-4b3c-abbd-6af62b49cb9d", "isDeleted:":"true", "version":"1714525852010"}}
{"logTime": "0601/034039", "correlationVector":"C68qJgEywp5t4tqh+jmZIP.185","action":"GetUpdates", "result":"DeleteReceived", "context":{"id":"fb1469fb-6332-4190-aaaa-dbb701120df2", "isDeleted:":"true", "version":"1714525852011"}}
{"logTime": "0601/034039", "correlationVector":"C68qJgEywp5t4tqh+jmZIP.186","action":"GetUpdates", "result":"DeleteReceived", "context":{"id":"3dced345-627e-4ea8-9422-a9b079928727", "isDeleted:":"true", "version":"1714593148571"}}
{"logTime": "0601/034039", "correlationVector":"C68qJgEywp5t4tqh+jmZIP.187","action":"GetUpdates", "result":"DeleteReceived", "context":{"id":"c28ddc01-26a0-4e42-9003-339ec7c7128e", "isDeleted:":"true", "version":"1714593654534"}}
{"logTime": "0601/034039", "correlationVector":"C68qJgEywp5t4tqh+jmZIP.188","action":"GetUpdates", "result":"DeleteReceived", "context":{"id":"04cb6e91-6153-4408-bae8-50191b18d6f4", "isDeleted:":"true", "version":"1714673530715"}}
{"logTime": "0601/034039", "correlationVector":"C68qJgEywp5t4tqh+jmZIP.189","action":"GetUpdates", "result":"DeleteReceived", "context":{"id":"09e55577-a867-4016-bbd9-842c611baf16", "isDeleted:":"true", "version":"1714673630864"}}
{"logTime": "0601/034039", "correlationVector":"C68qJgEywp5t4tqh+jmZIP.190","action":"GetUpdates", "result":"DeleteReceived", "context":{"id":"908b4f44-ada5-4d54-805a-c922ac71816d", "isDeleted:":"true", "version":"1714675754959"}}
{"logTime": "0601/034039", "correlationVector":"C68qJgEywp5t4tqh+jmZIP.191","action":"GetUpdates", "result":"DeleteReceived", "context":{"id":"9ed26a14-c460-4e6d-a036-25c754a1ea87", "isDeleted:":"true", "version":"1714679046775"}}
{"logTime": "0601/034039", "correlationVector":"C68qJgEywp5t4tqh+jmZIP.192","action":"GetUpdates", "result":"DeleteReceived", "context":{"id":"75311007-5cc5-4983-9fd6-1b8ddce5bee4", "isDeleted:":"true", "version":"1714743502674"}}
{"logTime": "0601/034039", "correlationVector":"C68qJgEywp5t4tqh+jmZIP.193","action":"GetUpdates", "result":"DeleteReceived", "context":{"id":"ee892e10-6ad3-4008-bbb7-f835e9d48668", "isDeleted:":"true", "version":"1714743502675"}}
{"logTime": "0601/034039", "correlationVector":"C68qJgEywp5t4tqh+jmZIP.194","action":"GetUpdates", "result":"DeleteReceived", "context":{"id":"e670a114-28bc-49ca-bbfb-05b8e03062e6", "isDeleted:":"true", "version":"1714755954039"}}
{"logTime": "0601/034039", "correlationVector":"C68qJgEywp5t4tqh+jmZIP.195","action":"GetUpdates", "result":"DeleteReceived", "context":{"id":"b05a4a51-ede2-442d-9dcf-11ce07b43cdf", "isDeleted:":"true", "version":"1714755954040"}}
{"logTime": "0601/034039", "correlationVector":"C68qJgEywp5t4tqh+jmZIP.196","action":"GetUpdates", "result":"DeleteReceived", "context":{"id":"bc9e1b69-48bf-430c-a568-4a61da2b16c4", "isDeleted:":"true", "version":"1714755954042"}}
{"logTime": "0601/034039", "correlationVector":"C68qJgEywp5t4tqh+jmZIP.197","action":"GetUpdates", "result":"DeleteReceived", "context":{"id":"387c70da-ef3c-45c4-a4b9-4d5ca168711e", "isDeleted:":"true", "version":"1714759420739"}}
{"logTime": "0601/034039", "correlationVector":"C68qJgEywp5t4tqh+jmZIP.198","action":"GetUpdates", "result":"DeleteReceived", "context":{"id":"5f55f05f-8cd5-4b48-94d0-25c651f3df9b", "isDeleted:":"true", "version":"1714760536882"}}
{"logTime": "0601/034039", "correlationVector":"C68qJgEywp5t4tqh+jmZIP.199","action":"GetUpdates", "result":"DeleteReceived", "context":{"id":"dbfc80a5-3c66-4f99-b9f3-a719b420219b", "isDeleted:":"true", "version":"1714765489677"}}
{"logTime": "0601/034039", "correlationVector":"C68qJgEywp5t4tqh+jmZIP.200","action":"GetUpdates", "result":"DeleteReceived", "context":{"id":"bd63dc2a-d061-4180-88b5-ba9078c14982", "isDeleted:":"true", "version":"1714765512662"}}
{"logTime": "0601/034039", "correlationVector":"C68qJgEywp5t4tqh+jmZIP.201","action":"GetUpdates", "result":"DeleteReceived", "context":{"id":"fdc96e38-2fe4-43af-a6d4-29ff50c0029d", "isDeleted:":"true", "version":"1714766251512"}}
{"logTime": "0601/034039", "correlationVector":"C68qJgEywp5t4tqh+jmZIP.202","action":"GetUpdates", "result":"DeleteReceived", "context":{"id":"360f0ade-a01b-463a-ac7e-c05eb8d86a66", "isDeleted:":"true", "version":"1714766503700"}}
{"logTime": "0601/034039", "correlationVector":"C68qJgEywp5t4tqh+jmZIP.203","action":"GetUpdates", "result":"DeleteReceived", "context":{"id":"05bda273-77b0-463c-a8c9-83dd2996d881", "isDeleted:":"true", "version":"1714787837824"}}
{"logTime": "0601/034039", "correlationVector":"C68qJgEywp5t4tqh+jmZIP.204","action":"GetUpdates", "result":"DeleteReceived", "context":{"id":"17f526a8-1eaa-4f72-a705-c35c713a748f", "isDeleted:":"true", "version":"1714831737958"}}
{"logTime": "0601/034039", "correlationVector":"C68qJgEywp5t4tqh+jmZIP.205","action":"GetUpdates", "result":"DeleteReceived", "context":{"id":"b717cd37-e05f-4b5c-89a5-bd219e77cafc", "isDeleted:":"true", "version":"1714944131655"}}
{"logTime": "0601/034039", "correlationVector":"C68qJgEywp5t4tqh+jmZIP.206","action":"GetUpdates", "result":"DeleteReceived", "context":{"id":"72bc059a-4d56-4852-b24f-dd452b115572", "isDeleted:":"true", "version":"1714945097094"}}
{"logTime": "0601/034039", "correlationVector":"C68qJgEywp5t4tqh+jmZIP.207","action":"GetUpdates", "result":"DeleteReceived", "context":{"id":"db7934aa-5846-4d49-9024-592300f54f56", "isDeleted:":"true", "version":"1714945727983"}}
{"logTime": "0601/034039", "correlationVector":"C68qJgEywp5t4tqh+jmZIP.208","action":"GetUpdates", "result":"DeleteReceived", "context":{"id":"01cf5319-98f4-4934-a265-6eff087d53c6", "isDeleted:":"true", "version":"1714949394394"}}
{"logTime": "0601/034039", "correlationVector":"C68qJgEywp5t4tqh+jmZIP.209","action":"GetUpdates", "result":"DeleteReceived", "context":{"id":"9519b073-eaed-4c43-bd09-479471ce73e4", "isDeleted:":"true", "version":"1714950098746"}}
{"logTime": "0601/034039", "correlationVector":"C68qJgEywp5t4tqh+jmZIP.210","action":"GetUpdates", "result":"DeleteReceived", "context":{"id":"42ac8361-7855-4de7-b938-4618c1f6a54d", "isDeleted:":"true", "version":"1714950500887"}}
{"logTime": "0601/034039", "correlationVector":"C68qJgEywp5t4tqh+jmZIP.211","action":"GetUpdates", "result":"DeleteReceived", "context":{"id":"5771dc9b-145b-45f2-bccc-119f9f2adfc6", "isDeleted:":"true", "version":"1714952256720"}}
{"logTime": "0601/034039", "correlationVector":"C68qJgEywp5t4tqh+jmZIP.212","action":"GetUpdates", "result":"DeleteReceived", "context":{"id":"c46ea132-f299-4ba6-a1f8-7dfa9d310db9", "isDeleted:":"true", "version":"1714956578647"}}
{"logTime": "0601/034039", "correlationVector":"C68qJgEywp5t4tqh+jmZIP.213","action":"GetUpdates", "result":"DeleteReceived", "context":{"id":"6e2fa7ab-2b31-4b18-b658-47ee8947ab56", "isDeleted:":"true", "version":"1714956901385"}}
{"logTime": "0601/034039", "correlationVector":"C68qJgEywp5t4tqh+jmZIP.214","action":"GetUpdates", "result":"DeleteReceived", "context":{"id":"0fa5a2b9-1016-462d-8be4-9b0f1dbf972b", "isDeleted:":"true", "version":"1714957942039"}}
{"logTime": "0601/034039", "correlationVector":"C68qJgEywp5t4tqh+jmZIP.215","action":"GetUpdates", "result":"DeleteReceived", "context":{"id":"18be79d3-a56d-4824-a932-c6f3ff53eb73", "isDeleted:":"true", "version":"1714957978787"}}
{"logTime": "0601/034039", "correlationVector":"C68qJgEywp5t4tqh+jmZIP.216","action":"GetUpdates", "result":"DeleteReceived", "context":{"id":"44952f57-666a-41a8-ba1d-ade6c7d4a5f1", "isDeleted:":"true", "version":"1714957990182"}}
{"logTime": "0601/034039", "correlationVector":"C68qJgEywp5t4tqh+jmZIP.217","action":"GetUpdates", "result":"DeleteReceived", "context":{"id":"33538b92-eae6-48e7-9748-f1f2cd5df2af", "isDeleted:":"true", "version":"1714958252163"}}
{"logTime": "0601/034039", "correlationVector":"C68qJgEywp5t4tqh+jmZIP.218","action":"GetUpdates", "result":"DeleteReceived", "context":{"id":"81a177f8-f08a-4da9-ab79-5c41d67f97c2", "isDeleted:":"true", "version":"1714959540134"}}
{"logTime": "0601/034039", "correlationVector":"C68qJgEywp5t4tqh+jmZIP.219","action":"GetUpdates", "result":"DeleteReceived", "context":{"id":"44c02149-5f4a-4d5a-af3c-6bb2b2687fb1", "isDeleted:":"true", "version":"1714959606273"}}
{"logTime": "0601/034039", "correlationVector":"C68qJgEywp5t4tqh+jmZIP.220","action":"GetUpdates", "result":"DeleteReceived", "context":{"id":"f1a4d8ce-14f4-481c-8b3b-befd15a703cf", "isDeleted:":"true", "version":"1714959955768"}}
{"logTime": "0601/034039", "correlationVector":"C68qJgEywp5t4tqh+jmZIP.221","action":"GetUpdates", "result":"DeleteReceived", "context":{"id":"a05515f5-7ba2-4b54-acc9-e437539ec38a", "isDeleted:":"true", "version":"1714960963787"}}
{"logTime": "0601/034039", "correlationVector":"C68qJgEywp5t4tqh+jmZIP.222","action":"GetUpdates", "result":"DeleteReceived", "context":{"id":"fa534cf6-1892-4d59-a864-e22b7cd1b68e", "isDeleted:":"true", "version":"1714961490222"}}
{"logTime": "0601/034039", "correlationVector":"C68qJgEywp5t4tqh+jmZIP.223","action":"GetUpdates", "result":"DeleteReceived", "context":{"id":"c762bb3e-19ef-419b-9cf7-8dedff2ef017", "isDeleted:":"true", "version":"1714961779083"}}
{"logTime": "0601/034039", "correlationVector":"C68qJgEywp5t4tqh+jmZIP.224","action":"GetUpdates", "result":"DeleteReceived", "context":{"id":"c2c3e35d-5597-4129-b43a-00e950f2a646", "isDeleted:":"true", "version":"1714961911096"}}
{"logTime": "0601/034039", "correlationVector":"C68qJgEywp5t4tqh+jmZIP.225","action":"GetUpdates", "result":"DeleteReceived", "context":{"id":"1e5e43e7-c4b7-4cef-8fbc-a806cf4f9c14", "isDeleted:":"true", "version":"1714962263312"}}
{"logTime": "0601/034039", "correlationVector":"C68qJgEywp5t4tqh+jmZIP.226","action":"GetUpdates", "result":"DeleteReceived", "context":{"id":"329aeed3-51c3-4a5b-bb02-976fbfb117ca", "isDeleted:":"true", "version":"1714963189876"}}
{"logTime": "0601/034039", "correlationVector":"C68qJgEywp5t4tqh+jmZIP.227","action":"GetUpdates", "result":"DeleteReceived", "context":{"id":"65925d2e-8adb-4cd5-b1e7-afa00727e3b1", "isDeleted:":"true", "version":"1714963564285"}}
{"logTime": "0601/034039", "correlationVector":"C68qJgEywp5t4tqh+jmZIP.228","action":"GetUpdates", "result":"DeleteReceived", "context":{"id":"65c90479-94f1-41d7-9146-f0473c95f4db", "isDeleted:":"true", "version":"1714963833297"}}
{"logTime": "0601/034039", "correlationVector":"C68qJgEywp5t4tqh+jmZIP.229","action":"GetUpdates", "result":"DeleteReceived", "context":{"id":"fafd352a-6bf9-4719-af17-ce278168f487", "isDeleted:":"true", "version":"1715009630783"}}
{"logTime": "0601/034039", "correlationVector":"C68qJgEywp5t4tqh+jmZIP.230","action":"GetUpdates", "result":"DeleteReceived", "context":{"id":"df5f2069-dcb0-4185-acfe-05c9442e7b2f", "isDeleted:":"true", "version":"1715009996040"}}
{"logTime": "0601/034039", "correlationVector":"C68qJgEywp5t4tqh+jmZIP.231","action":"GetUpdates", "result":"DeleteReceived", "context":{"id":"31328f7d-8dd1-43a3-9162-a6e49a1c3bb4", "isDeleted:":"true", "version":"1715011795266"}}
{"logTime": "0601/034039", "correlationVector":"C68qJgEywp5t4tqh+jmZIP.232","action":"GetUpdates", "result":"DeleteReceived", "context":{"id":"ada22e9b-a0d4-4171-80bd-f9946794a9d4", "isDeleted:":"true", "version":"1715012938363"}}
{"logTime": "0601/034039", "correlationVector":"C68qJgEywp5t4tqh+jmZIP.233","action":"GetUpdates Response", "result":"Success", "context":Received 250 update(s). cV=C68qJgEywp5t4tqh+jmZIP.0;server=GENERAL0100002G;cloudType=Consumer;environment=Prod_EastUS2_000e;migrationStage=NotStarted Some updates remain.}
{"logTime": "0601/034039", "correlationVector":"iiVpTLWOfpPZtSgyrGjvrY","action":"Initial GetUpdates", "result":"", "context":Reason: NEWLY_SUPPORTED_DATATYPE. cV=iiVpTLWOfpPZtSgyrGjvrY}
{"logTime": "0601/034039", "correlationVector":"iiVpTLWOfpPZtSgyrGjvrY.1","action":"SyncServerConnectionManagerRequest", "result":"SYNC_SERVER_OK", "context":{"environment":"Prod_EastUS2_000e", "migrationStage":"NotStarted", "server":"GENERAL01000026"}}
{"logTime": "0601/034039", "correlationVector":"iiVpTLWOfpPZtSgyrGjvrY.2","action":"GetUpdates", "result":"DeleteReceived", "context":{"id":"58f2c828-a40c-4875-8ddb-0c67fab6160e", "isDeleted:":"true", "version":"1715014594054"}}
{"logTime": "0601/034039", "correlationVector":"iiVpTLWOfpPZtSgyrGjvrY.3","action":"GetUpdates", "result":"DeleteReceived", "context":{"id":"3e7aeb62-68b6-4027-8df5-23d07a3f5cce", "isDeleted:":"true", "version":"1715015510703"}}
{"logTime": "0601/034039", "correlationVector":"iiVpTLWOfpPZtSgyrGjvrY.4","action":"GetUpdates", "result":"DeleteReceived", "context":{"id":"96a16417-daaa-4143-a3ef-a57cfe25d288", "isDeleted:":"true", "version":"1715016017388"}}
{"logTime": "0601/034039", "correlationVector":"iiVpTLWOfpPZtSgyrGjvrY.5","action":"GetUpdates", "result":"DeleteReceived", "context":{"id":"20c8d44f-1a62-4004-a543-8b5c06d7b0e4", "isDeleted:":"true", "version":"1715018764285"}}
{"logTime": "0601/034039", "correlationVector":"iiVpTLWOfpPZtSgyrGjvrY.6","action":"GetUpdates", "result":"DeleteReceived", "context":{"id":"bc68c2c2-6302-4d81-9623-339127d8ac75", "isDeleted:":"true", "version":"1715020311800"}}
{"logTime": "0601/034039", "correlationVector":"iiVpTLWOfpPZtSgyrGjvrY.7","action":"GetUpdates", "result":"DeleteReceived", "context":{"id":"776bfbd6-081e-4b97-9550-036d8a76dca3", "isDeleted:":"true", "version":"1715020511420"}}
{"logTime": "0601/034039", "correlationVector":"iiVpTLWOfpPZtSgyrGjvrY.8","action":"GetUpdates", "result":"DeleteReceived", "context":{"id":"7bda00e1-d907-44ed-9545-ef4993082840", "isDeleted:":"true", "version":"1715021237380"}}
{"logTime": "0601/034039", "correlationVector":"iiVpTLWOfpPZtSgyrGjvrY.9","action":"GetUpdates", "result":"DeleteReceived", "context":{"id":"840f8b91-93a2-4c41-b3e5-292dde4b1e50", "isDeleted:":"true", "version":"1715021544701"}}
{"logTime": "0601/034039", "correlationVector":"iiVpTLWOfpPZtSgyrGjvrY.10","action":"GetUpdates", "result":"DeleteReceived", "context":{"id":"f96fd4f8-e59a-4d64-93fd-c51014eaf094", "isDeleted:":"true", "version":"1715022200769"}}
{"logTime": "0601/034039", "correlationVector":"iiVpTLWOfpPZtSgyrGjvrY.11","action":"GetUpdates", "result":"DeleteReceived", "context":{"id":"82802d86-88d3-4490-be8e-8e576a030fee", "isDeleted:":"true", "version":"1715022315112"}}
{"logTime": "0601/034039", "correlationVector":"iiVpTLWOfpPZtSgyrGjvrY.12","action":"GetUpdates", "result":"DeleteReceived", "context":{"id":"c25f529a-9bed-4973-9015-6bdca5626ff4", "isDeleted:":"true", "version":"1715093296745"}}
{"logTime": "0601/034039", "correlationVector":"iiVpTLWOfpPZtSgyrGjvrY.13","action":"GetUpdates", "result":"DeleteReceived", "context":{"id":"26539b00-b11c-47e7-861c-b97cc40c4266", "isDeleted:":"true", "version":"1715094107132"}}
{"logTime": "0601/034039", "correlationVector":"iiVpTLWOfpPZtSgyrGjvrY.14","action":"GetUpdates", "result":"DeleteReceived", "context":{"id":"116d3a8b-8646-450d-bc27-b3b40a85c4ef", "isDeleted:":"true", "version":"1715094107133"}}
{"logTime": "0601/034039", "correlationVector":"iiVpTLWOfpPZtSgyrGjvrY.15","action":"GetUpdates", "result":"DeleteReceived", "context":{"id":"2ad1a0e4-2ee2-409b-83c7-bdfcafa69c24", "isDeleted:":"true", "version":"1715094107135"}}
{"logTime": "0601/034039", "correlationVector":"iiVpTLWOfpPZtSgyrGjvrY.16","action":"GetUpdates", "result":"DeleteReceived", "context":{"id":"061be2aa-e4d7-4a5c-9346-73c56f153c25", "isDeleted:":"true", "version":"1715097929865"}}
{"logTime": "0601/034039", "correlationVector":"iiVpTLWOfpPZtSgyrGjvrY.17","action":"GetUpdates", "result":"DeleteReceived", "context":{"id":"34713381-62ad-4278-91c4-3d27210e85a8", "isDeleted:":"true", "version":"1715098476964"}}
{"logTime": "0601/034039", "correlationVector":"iiVpTLWOfpPZtSgyrGjvrY.18","action":"GetUpdates", "result":"DeleteReceived", "context":{"id":"73d780c9-cae6-43cd-b5a7-270c22dfd21b", "isDeleted:":"true", "version":"1715099905410"}}
{"logTime": "0601/034039", "correlationVector":"iiVpTLWOfpPZtSgyrGjvrY.19","action":"GetUpdates", "result":"DeleteReceived", "context":{"id":"13b2a5b1-40bd-4528-a205-8b31062b2969", "isDeleted:":"true", "version":"1715108193192"}}
{"logTime": "0601/034039", "correlationVector":"iiVpTLWOfpPZtSgyrGjvrY.20","action":"GetUpdates", "result":"DeleteReceived", "context":{"id":"ffed83a8-6f3d-4918-bc8c-7ac80d27fc65", "isDeleted:":"true", "version":"1715109292488"}}
{"logTime": "0601/034039", "correlationVector":"iiVpTLWOfpPZtSgyrGjvrY.21","action":"GetUpdates", "result":"DeleteReceived", "context":{"id":"2f954d2e-21fa-4578-a118-39deb699807c", "isDeleted:":"true", "version":"1715109292490"}}
{"logTime": "0601/034039", "correlationVector":"iiVpTLWOfpPZtSgyrGjvrY.22","action":"GetUpdates", "result":"DeleteReceived", "context":{"id":"6614c5f8-2414-4389-9143-ad663dcd1cc0", "isDeleted:":"true", "version":"1715109296841"}}
{"logTime": "0601/034039", "correlationVector":"iiVpTLWOfpPZtSgyrGjvrY.23","action":"GetUpdates", "result":"DeleteReceived", "context":{"id":"1822dc14-1f84-4776-a22b-a7b02d56e352", "isDeleted:":"true", "version":"1715109296842"}}
{"logTime": "0601/034039", "correlationVector":"iiVpTLWOfpPZtSgyrGjvrY.24","action":"GetUpdates", "result":"DeleteReceived", "context":{"id":"f78a0e69-e078-4d36-b7e7-70b43ffc2193", "isDeleted:":"true", "version":"1715120747264"}}
{"logTime": "0601/034039", "correlationVector":"iiVpTLWOfpPZtSgyrGjvrY.25","action":"GetUpdates", "result":"DeleteReceived", "context":{"id":"40c167e8-f546-4294-aef4-7cd006452a89", "isDeleted:":"true", "version":"1715121678794"}}
{"logTime": "0601/034039", "correlationVector":"iiVpTLWOfpPZtSgyrGjvrY.26","action":"GetUpdates", "result":"DeleteReceived", "context":{"id":"6590d949-b92a-4e96-b3e2-098fb709223f", "isDeleted:":"true", "version":"1715121678795"}}
{"logTime": "0601/034039", "correlationVector":"iiVpTLWOfpPZtSgyrGjvrY.27","action":"GetUpdates", "result":"DeleteReceived", "context":{"id":"40602517-66c4-421b-98a0-6c2310abf1d2", "isDeleted:":"true", "version":"1715121678796"}}
{"logTime": "0601/034039", "correlationVector":"iiVpTLWOfpPZtSgyrGjvrY.28","action":"GetUpdates", "result":"DeleteReceived", "context":{"id":"b283f9a1-e19a-4dfc-bae1-d089789a317b", "isDeleted:":"true", "version":"1715121678797"}}
{"logTime": "0601/034039", "correlationVector":"iiVpTLWOfpPZtSgyrGjvrY.29","action":"GetUpdates", "result":"DeleteReceived", "context":{"id":"d7a0bf2d-613c-408c-b2ab-b6cc49d7a1cc", "isDeleted:":"true", "version":"1715121678800"}}
{"logTime": "0601/034039", "correlationVector":"iiVpTLWOfpPZtSgyrGjvrY.30","action":"GetUpdates", "result":"DeleteReceived", "context":{"id":"99569fb9-ca0f-4d63-abdf-deb25fbf51f1", "isDeleted:":"true", "version":"1715124555154"}}
{"logTime": "0601/034039", "correlationVector":"iiVpTLWOfpPZtSgyrGjvrY.31","action":"GetUpdates", "result":"DeleteReceived", "context":{"id":"e506b589-6ef6-4224-93da-ef0ac30e2ca7", "isDeleted:":"true", "version":"1715125742076"}}
{"logTime": "0601/034039", "correlationVector":"iiVpTLWOfpPZtSgyrGjvrY.32","action":"GetUpdates", "result":"DeleteReceived", "context":{"id":"abb87d8f-4016-4065-9bfe-82590bab5523", "isDeleted:":"true", "version":"1715125847104"}}
{"logTime": "0601/034039", "correlationVector":"iiVpTLWOfpPZtSgyrGjvrY.33","action":"GetUpdates", "result":"DeleteReceived", "context":{"id":"a01d2ff8-5e31-42e8-b267-49a979490cd9", "isDeleted:":"true", "version":"1715125847105"}}
{"logTime": "0601/034039", "correlationVector":"iiVpTLWOfpPZtSgyrGjvrY.34","action":"GetUpdates", "result":"DeleteReceived", "context":{"id":"04ef5492-f193-4f5f-9ade-1f508bfe13e0", "isDeleted:":"true", "version":"1715125847106"}}
{"logTime": "0601/034039", "correlationVector":"iiVpTLWOfpPZtSgyrGjvrY.35","action":"GetUpdates", "result":"DeleteReceived", "context":{"id":"bea98c4f-5281-4aea-a92a-238d5968241b", "isDeleted:":"true", "version":"1715128175530"}}
{"logTime": "0601/034039", "correlationVector":"iiVpTLWOfpPZtSgyrGjvrY.36","action":"GetUpdates", "result":"DeleteReceived", "context":{"id":"a3331e56-eb63-416a-92c2-c0563a9b55f4", "isDeleted:":"true", "version":"1715168732707"}}
{"logTime": "0601/034039", "correlationVector":"iiVpTLWOfpPZtSgyrGjvrY.37","action":"GetUpdates", "result":"DeleteReceived", "context":{"id":"f1f83e55-94be-46a6-b3ee-79a6f19382de", "isDeleted:":"true", "version":"1715168732708"}}
{"logTime": "0601/034039", "correlationVector":"iiVpTLWOfpPZtSgyrGjvrY.38","action":"GetUpdates", "result":"DeleteReceived", "context":{"id":"22352caf-eaed-48c5-811e-dd5ecf9dfc84", "isDeleted:":"true", "version":"1715168732710"}}
{"logTime": "0601/034039", "correlationVector":"iiVpTLWOfpPZtSgyrGjvrY.39","action":"GetUpdates", "result":"DeleteReceived", "context":{"id":"52a76c01-73f6-4c3a-bea5-d2189f9307a9", "isDeleted:":"true", "version":"1715168732711"}}
{"logTime": "0601/034039", "correlationVector":"iiVpTLWOfpPZtSgyrGjvrY.40","action":"GetUpdates", "result":"DeleteReceived", "context":{"id":"8147e0d3-fd5a-4228-9e30-0c1ead5012c4", "isDeleted:":"true", "version":"1715196330147"}}
{"logTime": "0601/034039", "correlationVector":"iiVpTLWOfpPZtSgyrGjvrY.41","action":"GetUpdates", "result":"DeleteReceived", "context":{"id":"92987dde-d7b8-4622-891a-be532b1c7623", "isDeleted:":"true", "version":"1715196330148"}}
{"logTime": "0601/034039", "correlationVector":"iiVpTLWOfpPZtSgyrGjvrY.42","action":"GetUpdates", "result":"DeleteReceived", "context":{"id":"19cfb46e-c212-43af-be6c-104e0353a108", "isDeleted:":"true", "version":"1715196330149"}}
{"logTime": "0601/034039", "correlationVector":"iiVpTLWOfpPZtSgyrGjvrY.43","action":"GetUpdates", "result":"DeleteReceived", "context":{"id":"1c9d99bd-5952-434a-a7e6-c0081f67344c", "isDeleted:":"true", "version":"1715196330151"}}
{"logTime": "0601/034039", "correlationVector":"iiVpTLWOfpPZtSgyrGjvrY.44","action":"GetUpdates", "result":"DeleteReceived", "context":{"id":"4aed8cc3-674b-450a-95ea-e16749013b04", "isDeleted:":"true", "version":"1715196330152"}}
{"logTime": "0601/034039", "correlationVector":"iiVpTLWOfpPZtSgyrGjvrY.45","action":"GetUpdates", "result":"DeleteReceived", "context":{"id":"4189d3f7-e075-4b74-a7cc-5aa478fedd48", "isDeleted:":"true", "version":"1715196330153"}}
{"logTime": "0601/034039", "correlationVector":"iiVpTLWOfpPZtSgyrGjvrY.46","action":"GetUpdates", "result":"DeleteReceived", "context":{"id":"3014aca7-a38c-460a-8a10-6b6405f5cacd", "isDeleted:":"true", "version":"1715198517585"}}
{"logTime": "0601/034039", "correlationVector":"iiVpTLWOfpPZtSgyrGjvrY.47","action":"GetUpdates", "result":"DeleteReceived", "context":{"id":"09c1a937-0fe1-4741-bba5-c5cc24df2f53", "isDeleted:":"true", "version":"1715198611276"}}
{"logTime": "0601/034039", "correlationVector":"iiVpTLWOfpPZtSgyrGjvrY.48","action":"GetUpdates", "result":"DeleteReceived", "context":{"id":"e15d71d6-f236-4569-ad58-950aada9feeb", "isDeleted:":"true", "version":"1715198772228"}}
{"logTime": "0601/034039", "correlationVector":"iiVpTLWOfpPZtSgyrGjvrY.49","action":"GetUpdates", "result":"DeleteReceived", "context":{"id":"b73c340e-91d7-4fa7-95b2-2fb5054d2bff", "isDeleted:":"true", "version":"1715266524529"}}
{"logTime": "0601/034039", "correlationVector":"iiVpTLWOfpPZtSgyrGjvrY.50","action":"GetUpdates", "result":"DeleteReceived", "context":{"id":"a8309d95-d6e5-48c1-9266-c6ae2f9eb031", "isDeleted:":"true", "version":"1715267258083"}}
{"logTime": "0601/034039", "correlationVector":"iiVpTLWOfpPZtSgyrGjvrY.51","action":"GetUpdates", "result":"DeleteReceived", "context":{"id":"8121929f-aa48-496a-a4ac-7bf1f2e748b1", "isDeleted:":"true", "version":"1715267835926"}}
{"logTime": "0601/034039", "correlationVector":"iiVpTLWOfpPZtSgyrGjvrY.52","action":"GetUpdates", "result":"DeleteReceived", "context":{"id":"dbac4f21-6942-4d04-8b4b-34f691512f34", "isDeleted:":"true", "version":"1715268080439"}}
{"logTime": "0601/034039", "correlationVector":"iiVpTLWOfpPZtSgyrGjvrY.53","action":"GetUpdates", "result":"DeleteReceived", "context":{"id":"186d7300-181a-42cb-8604-894cc7a30f3f", "isDeleted:":"true", "version":"1715269505637"}}
{"logTime": "0601/034039", "correlationVector":"iiVpTLWOfpPZtSgyrGjvrY.54","action":"GetUpdates", "result":"DeleteReceived", "context":{"id":"762efbce-c8a1-478d-8968-bfcabf143609", "isDeleted:":"true", "version":"1715271996441"}}
{"logTime": "0601/034039", "correlationVector":"iiVpTLWOfpPZtSgyrGjvrY.55","action":"GetUpdates", "result":"DeleteReceived", "context":{"id":"48fd0c6b-e77d-436d-9dfe-193437d44c38", "isDeleted:":"true", "version":"1715271996442"}}
{"logTime": "0601/034039", "correlationVector":"iiVpTLWOfpPZtSgyrGjvrY.56","action":"GetUpdates", "result":"DeleteReceived", "context":{"id":"06891342-247d-4d31-9664-ac55b25ef636", "isDeleted:":"true", "version":"1715272588030"}}
{"logTime": "0601/034039", "correlationVector":"iiVpTLWOfpPZtSgyrGjvrY.57","action":"GetUpdates", "result":"DeleteReceived", "context":{"id":"22d6e5ec-5795-4fc4-809c-144f096b3bf9", "isDeleted:":"true", "version":"1715272588032"}}
{"logTime": "0601/034039", "correlationVector":"iiVpTLWOfpPZtSgyrGjvrY.58","action":"GetUpdates", "result":"DeleteReceived", "context":{"id":"959c7674-f292-4af5-8c55-1e637088ebaa", "isDeleted:":"true", "version":"1715275181642"}}
{"logTime": "0601/034039", "correlationVector":"iiVpTLWOfpPZtSgyrGjvrY.59","action":"GetUpdates", "result":"DeleteReceived", "context":{"id":"5685927d-7ae4-4e89-b1af-ef19cbc3b1c3", "isDeleted:":"true", "version":"1715276153105"}}
{"logTime": "0601/034039", "correlationVector":"iiVpTLWOfpPZtSgyrGjvrY.60","action":"GetUpdates", "result":"DeleteReceived", "context":{"id":"9f23b313-defd-4fe3-b105-ed5777d0defe", "isDeleted:":"true", "version":"1715276567973"}}
{"logTime": "0601/034039", "correlationVector":"iiVpTLWOfpPZtSgyrGjvrY.61","action":"GetUpdates", "result":"DeleteReceived", "context":{"id":"8adc050e-11f0-4c69-824a-7b7844bc30dd", "isDeleted:":"true", "version":"1715276653093"}}
{"logTime": "0601/034039", "correlationVector":"iiVpTLWOfpPZtSgyrGjvrY.62","action":"GetUpdates", "result":"DeleteReceived", "context":{"id":"835e4b0a-315d-463f-bd1b-260ad8af63a7", "isDeleted:":"true", "version":"1715391442458"}}
{"logTime": "0601/034039", "correlationVector":"iiVpTLWOfpPZtSgyrGjvrY.63","action":"GetUpdates", "result":"DeleteReceived", "context":{"id":"90ad35c6-2259-4460-a437-192be21b6561", "isDeleted:":"true", "version":"1715610021960"}}
{"logTime": "0601/034039", "correlationVector":"iiVpTLWOfpPZtSgyrGjvrY.64","action":"GetUpdates", "result":"DeleteReceived", "context":{"id":"5e815af3-bcd0-478f-9342-97ef821a5f97", "isDeleted:":"true", "version":"1715611914536"}}
{"logTime": "0601/034039", "correlationVector":"iiVpTLWOfpPZtSgyrGjvrY.65","action":"GetUpdates", "result":"DeleteReceived", "context":{"id":"9571dfbf-0486-45a2-a907-18a37d293651", "isDeleted:":"true", "version":"1715615726447"}}
{"logTime": "0601/034039", "correlationVector":"iiVpTLWOfpPZtSgyrGjvrY.66","action":"GetUpdates", "result":"DeleteReceived", "context":{"id":"88451062-9337-44fa-aae9-6ffb74f9bfdc", "isDeleted:":"true", "version":"1715615726448"}}
{"logTime": "0601/034039", "correlationVector":"iiVpTLWOfpPZtSgyrGjvrY.67","action":"GetUpdates", "result":"DeleteReceived", "context":{"id":"db05c7e8-05b6-4cbf-8ec1-264a96e84172", "isDeleted:":"true", "version":"1715615726449"}}
{"logTime": "0601/034039", "correlationVector":"iiVpTLWOfpPZtSgyrGjvrY.68","action":"GetUpdates", "result":"DeleteReceived", "context":{"id":"8684693a-907a-4e07-901e-24da1b8641e1", "isDeleted:":"true", "version":"1715631070814"}}
{"logTime": "0601/034039", "correlationVector":"iiVpTLWOfpPZtSgyrGjvrY.69","action":"GetUpdates", "result":"DeleteReceived", "context":{"id":"4720c9a9-904f-4ccc-8701-126459df7880", "isDeleted:":"true", "version":"1715702695543"}}
{"logTime": "0601/034039", "correlationVector":"iiVpTLWOfpPZtSgyrGjvrY.70","action":"GetUpdates", "result":"DeleteReceived", "context":{"id":"c271696b-f508-476e-8adc-db24841f3b8c", "isDeleted:":"true", "version":"1715721183244"}}
{"logTime": "0601/034039", "correlationVector":"iiVpTLWOfpPZtSgyrGjvrY.71","action":"GetUpdates", "result":"DeleteReceived", "context":{"id":"5d9542cb-b89e-46ab-a37e-3c894cfd25b6", "isDeleted:":"true", "version":"1715722974258"}}
{"logTime": "0601/034039", "correlationVector":"iiVpTLWOfpPZtSgyrGjvrY.72","action":"GetUpdates", "result":"DeleteReceived", "context":{"id":"dd43fc87-acb5-45cd-97cd-81d76d29ea3e", "isDeleted:":"true", "version":"1715723400585"}}
{"logTime": "0601/034039", "correlationVector":"iiVpTLWOfpPZtSgyrGjvrY.73","action":"GetUpdates", "result":"DeleteReceived", "context":{"id":"843aba6b-5765-4523-b463-cbabb3c2d056", "isDeleted:":"true", "version":"1715723998155"}}
{"logTime": "0601/034039", "correlationVector":"iiVpTLWOfpPZtSgyrGjvrY.74","action":"GetUpdates", "result":"DeleteReceived", "context":{"id":"6bfb58f0-6b45-4d27-9513-06415f23595e", "isDeleted:":"true", "version":"1715724968206"}}
{"logTime": "0601/034039", "correlationVector":"iiVpTLWOfpPZtSgyrGjvrY.75","action":"GetUpdates", "result":"DeleteReceived", "context":{"id":"99a4186f-a351-4fbc-bcd5-3280ac3f5dd9", "isDeleted:":"true", "version":"1715725988103"}}
{"logTime": "0601/034039", "correlationVector":"iiVpTLWOfpPZtSgyrGjvrY.76","action":"GetUpdates", "result":"DeleteReceived", "context":{"id":"7f3e483e-9dff-4781-a2f3-4f57e9de63ab", "isDeleted:":"true", "version":"1715725988104"}}
{"logTime": "0601/034039", "correlationVector":"iiVpTLWOfpPZtSgyrGjvrY.77","action":"GetUpdates", "result":"DeleteReceived", "context":{"id":"8a272227-b2cf-4fe4-998a-f1576a9f21d2", "isDeleted:":"true", "version":"1715725988105"}}
{"logTime": "0601/034039", "correlationVector":"iiVpTLWOfpPZtSgyrGjvrY.78","action":"GetUpdates", "result":"DeleteReceived", "context":{"id":"c25f033d-878c-4894-a0e2-46129ed83219", "isDeleted:":"true", "version":"1715725988106"}}
{"logTime": "0601/034039", "correlationVector":"iiVpTLWOfpPZtSgyrGjvrY.79","action":"GetUpdates", "result":"DeleteReceived", "context":{"id":"7b91227a-f1ae-4229-a4a7-04ea819af62c", "isDeleted:":"true", "version":"1715725988108"}}
{"logTime": "0601/034039", "correlationVector":"iiVpTLWOfpPZtSgyrGjvrY.80","action":"GetUpdates", "result":"DeleteReceived", "context":{"id":"2dd25f01-3d80-4564-8bfc-e1a861461e36", "isDeleted:":"true", "version":"1715725988109"}}
{"logTime": "0601/034039", "correlationVector":"iiVpTLWOfpPZtSgyrGjvrY.81","action":"GetUpdates", "result":"DeleteReceived", "context":{"id":"a386903b-74a2-4ca5-8451-5a6959d99f21", "isDeleted:":"true", "version":"1715725988111"}}
{"logTime": "0601/034039", "correlationVector":"iiVpTLWOfpPZtSgyrGjvrY.82","action":"GetUpdates", "result":"DeleteReceived", "context":{"id":"279c9a50-ba54-4d64-8aad-7921bbaf8cb6", "isDeleted:":"true", "version":"1715726023543"}}
{"logTime": "0601/034039", "correlationVector":"iiVpTLWOfpPZtSgyrGjvrY.83","action":"GetUpdates", "result":"DeleteReceived", "context":{"id":"badfe405-d4a8-49a5-9cf0-d06419f43198", "isDeleted:":"true", "version":"1715726671744"}}
{"logTime": "0601/034039", "correlationVector":"iiVpTLWOfpPZtSgyrGjvrY.84","action":"GetUpdates", "result":"DeleteReceived", "context":{"id":"60edfbcb-c8c2-4b38-93e1-c1c02c766a4f", "isDeleted:":"true", "version":"1715726964363"}}
{"logTime": "0601/034039", "correlationVector":"iiVpTLWOfpPZtSgyrGjvrY.85","action":"GetUpdates", "result":"DeleteReceived", "context":{"id":"58e3d5fc-6f2a-454c-a2d9-c23fdb12a654", "isDeleted:":"true", "version":"1715727730631"}}
{"logTime": "0601/034039", "correlationVector":"iiVpTLWOfpPZtSgyrGjvrY.86","action":"GetUpdates", "result":"DeleteReceived", "context":{"id":"7d2c4f22-a89f-440a-8b3f-beca9f081876", "isDeleted:":"true", "version":"1715727755660"}}
{"logTime": "0601/034039", "correlationVector":"iiVpTLWOfpPZtSgyrGjvrY.87","action":"GetUpdates", "result":"DeleteReceived", "context":{"id":"4ab1d8ec-c9e1-40f9-b8fd-73fe7fe145b7", "isDeleted:":"true", "version":"1715776788896"}}
{"logTime": "0601/034039", "correlationVector":"iiVpTLWOfpPZtSgyrGjvrY.88","action":"GetUpdates", "result":"DeleteReceived", "context":{"id":"243eb657-e4c4-400e-b7b9-2d5de4583083", "isDeleted:":"true", "version":"1715776788898"}}
{"logTime": "0601/034039", "correlationVector":"iiVpTLWOfpPZtSgyrGjvrY.89","action":"GetUpdates", "result":"DeleteReceived", "context":{"id":"83ff1e23-966e-4543-a777-22e6a9995adb", "isDeleted:":"true", "version":"1715776788899"}}
{"logTime": "0601/034039", "correlationVector":"iiVpTLWOfpPZtSgyrGjvrY.90","action":"GetUpdates", "result":"DeleteReceived", "context":{"id":"5282434a-a824-4db5-ba81-e54a9874c368", "isDeleted:":"true", "version":"1715908589138"}}
{"logTime": "0601/034039", "correlationVector":"iiVpTLWOfpPZtSgyrGjvrY.91","action":"GetUpdates", "result":"DeleteReceived", "context":{"id":"e7cd5a3a-0a3c-45fd-8c11-74d69304780a", "isDeleted:":"true", "version":"1715908589140"}}
{"logTime": "0601/034039", "correlationVector":"iiVpTLWOfpPZtSgyrGjvrY.92","action":"GetUpdates", "result":"DeleteReceived", "context":{"id":"a6eb0e64-8f2e-4b3a-8c16-4f9963c3e915", "isDeleted:":"true", "version":"1715908589141"}}
{"logTime": "0601/034039", "correlationVector":"iiVpTLWOfpPZtSgyrGjvrY.93","action":"GetUpdates", "result":"DeleteReceived", "context":{"id":"c2c4cc0d-298d-49de-9a87-878f25f0888f", "isDeleted:":"true", "version":"1716087442093"}}
{"logTime": "0601/034039", "correlationVector":"iiVpTLWOfpPZtSgyrGjvrY.94","action":"GetUpdates", "result":"DeleteReceived", "context":{"id":"698d11a0-7858-43e3-b50b-9ed3f154a401", "isDeleted:":"true", "version":"1716087449649"}}
{"logTime": "0601/034039", "correlationVector":"iiVpTLWOfpPZtSgyrGjvrY.95","action":"GetUpdates", "result":"DeleteReceived", "context":{"id":"d764e625-9e3c-459e-89af-83951fe4d520", "isDeleted:":"true", "version":"1716153145959"}}
{"logTime": "0601/034039", "correlationVector":"iiVpTLWOfpPZtSgyrGjvrY.96","action":"GetUpdates", "result":"DeleteReceived", "context":{"id":"2293956e-a21b-4790-9c32-a6d59a5bf68f", "isDeleted:":"true", "version":"1716153145960"}}
{"logTime": "0601/034039", "correlationVector":"iiVpTLWOfpPZtSgyrGjvrY.97","action":"GetUpdates", "result":"DeleteReceived", "context":{"id":"8f41cc8f-3365-4b01-80db-e32ff2999f45", "isDeleted:":"true", "version":"1716153145962"}}
{"logTime": "0601/034039", "correlationVector":"iiVpTLWOfpPZtSgyrGjvrY.98","action":"GetUpdates", "result":"DeleteReceived", "context":{"id":"ac800b3d-d905-4ebc-ae31-9bbad101be96", "isDeleted:":"true", "version":"1716154794281"}}
{"logTime": "0601/034039", "correlationVector":"iiVpTLWOfpPZtSgyrGjvrY.99","action":"GetUpdates", "result":"DeleteReceived", "context":{"id":"6284741c-850b-4cc6-a33a-ed35061d9282", "isDeleted:":"true", "version":"1716156646893"}}
{"logTime": "0601/034039", "correlationVector":"iiVpTLWOfpPZtSgyrGjvrY.100","action":"GetUpdates", "result":"DeleteReceived", "context":{"id":"1c72b2af-a4c3-4c53-95a8-7f2314e027c7", "isDeleted:":"true", "version":"1716156816218"}}
{"logTime": "0601/034039", "correlationVector":"iiVpTLWOfpPZtSgyrGjvrY.101","action":"GetUpdates", "result":"DeleteReceived", "context":{"id":"ddf23117-569e-4788-a842-3f75f0dee88a", "isDeleted:":"true", "version":"1716160339136"}}
{"logTime": "0601/034039", "correlationVector":"iiVpTLWOfpPZtSgyrGjvrY.102","action":"GetUpdates", "result":"DeleteReceived", "context":{"id":"04ac9804-fc4d-4e7c-9dab-a4192b13ef05", "isDeleted:":"true", "version":"1716160339139"}}
{"logTime": "0601/034039", "correlationVector":"iiVpTLWOfpPZtSgyrGjvrY.103","action":"GetUpdates", "result":"DeleteReceived", "context":{"id":"c6dfc3c6-306f-4ae7-a102-3163681b718f", "isDeleted:":"true", "version":"1716161734036"}}
{"logTime": "0601/034039", "correlationVector":"iiVpTLWOfpPZtSgyrGjvrY.104","action":"GetUpdates", "result":"DeleteReceived", "context":{"id":"d29c1fc1-c1f8-4234-a3b7-e0a0c0598659", "isDeleted:":"true", "version":"1716161766044"}}
{"logTime": "0601/034039", "correlationVector":"iiVpTLWOfpPZtSgyrGjvrY.105","action":"GetUpdates", "result":"DeleteReceived", "context":{"id":"e847ad91-d6e1-4b4b-a2c0-bd46befed7d8", "isDeleted:":"true", "version":"1716218040954"}}
{"logTime": "0601/034039", "correlationVector":"iiVpTLWOfpPZtSgyrGjvrY.106","action":"GetUpdates", "result":"DeleteReceived", "context":{"id":"ee27225b-3b40-4845-b456-c3f839574b18", "isDeleted:":"true", "version":"1716218040955"}}
{"logTime": "0601/034039", "correlationVector":"iiVpTLWOfpPZtSgyrGjvrY.107","action":"GetUpdates", "result":"DeleteReceived", "context":{"id":"92cb7e72-8543-422f-9a19-1c31c29bd1f5", "isDeleted:":"true", "version":"1716218040956"}}
{"logTime": "0601/034039", "correlationVector":"iiVpTLWOfpPZtSgyrGjvrY.108","action":"GetUpdates", "result":"DeleteReceived", "context":{"id":"495bbc74-366b-41c6-8e79-53032e05bc87", "isDeleted:":"true", "version":"1716218040957"}}
{"logTime": "0601/034039", "correlationVector":"iiVpTLWOfpPZtSgyrGjvrY.109","action":"GetUpdates", "result":"DeleteReceived", "context":{"id":"9cba0d4c-4bb2-4fba-bcd8-97a94db406bb", "isDeleted:":"true", "version":"1716218040959"}}
{"logTime": "0601/034039", "correlationVector":"iiVpTLWOfpPZtSgyrGjvrY.110","action":"GetUpdates", "result":"DeleteReceived", "context":{"id":"579f8f03-801f-4706-a902-b8303c3713a7", "isDeleted:":"true", "version":"1716218040960"}}
{"logTime": "0601/034039", "correlationVector":"iiVpTLWOfpPZtSgyrGjvrY.111","action":"GetUpdates", "result":"DeleteReceived", "context":{"id":"b27ec3c6-656f-4ab7-86ae-792ec1c9c8a8", "isDeleted:":"true", "version":"1716218040962"}}
{"logTime": "0601/034039", "correlationVector":"iiVpTLWOfpPZtSgyrGjvrY.112","action":"GetUpdates", "result":"DeleteReceived", "context":{"id":"255fb6da-c78d-41e9-a432-311175371dbe", "isDeleted:":"true", "version":"1716225986349"}}
{"logTime": "0601/034039", "correlationVector":"iiVpTLWOfpPZtSgyrGjvrY.113","action":"GetUpdates", "result":"DeleteReceived", "context":{"id":"82810f15-4fb0-4c7e-bb04-2f9b4a74871a", "isDeleted:":"true", "version":"1716244730584"}}
{"logTime": "0601/034039", "correlationVector":"iiVpTLWOfpPZtSgyrGjvrY.114","action":"GetUpdates", "result":"DeleteReceived", "context":{"id":"054f9131-beec-41cc-9a6e-44442d3c3c74", "isDeleted:":"true", "version":"1716252729336"}}
{"logTime": "0601/034039", "correlationVector":"iiVpTLWOfpPZtSgyrGjvrY.115","action":"GetUpdates", "result":"DeleteReceived", "context":{"id":"100c16f5-5d75-474a-a000-cf17be00ade2", "isDeleted:":"true", "version":"1716323419298"}}
{"logTime": "0601/034039", "correlationVector":"iiVpTLWOfpPZtSgyrGjvrY.116","action":"GetUpdates", "result":"DeleteReceived", "context":{"id":"22b0ac09-5862-4cbd-bde8-2f244cdb7523", "isDeleted:":"true", "version":"1716323419299"}}
{"logTime": "0601/034039", "correlationVector":"iiVpTLWOfpPZtSgyrGjvrY.117","action":"GetUpdates", "result":"DeleteReceived", "context":{"id":"32b610bf-2d4b-4bf9-b4ce-67f9ae8f1eb7", "isDeleted:":"true", "version":"1716323481277"}}
{"logTime": "0601/034039", "correlationVector":"iiVpTLWOfpPZtSgyrGjvrY.118","action":"GetUpdates", "result":"DeleteReceived", "context":{"id":"aba50a6c-3a4c-4143-8a20-d875836f4945", "isDeleted:":"true", "version":"1716324256190"}}
{"logTime": "0601/034039", "correlationVector":"iiVpTLWOfpPZtSgyrGjvrY.119","action":"GetUpdates", "result":"DeleteReceived", "context":{"id":"f195c49b-3269-44f4-aed7-38ac6e6aa726", "isDeleted:":"true", "version":"1716331090723"}}
{"logTime": "0601/034039", "correlationVector":"iiVpTLWOfpPZtSgyrGjvrY.120","action":"GetUpdates", "result":"DeleteReceived", "context":{"id":"5333c908-22cd-4247-b215-9c799e77df23", "isDeleted:":"true", "version":"1716333395021"}}
{"logTime": "0601/034039", "correlationVector":"iiVpTLWOfpPZtSgyrGjvrY.121","action":"GetUpdates", "result":"DeleteReceived", "context":{"id":"1bcaa1db-8150-4f54-ba0f-dbd235396797", "isDeleted:":"true", "version":"1716333395023"}}
{"logTime": "0601/034039", "correlationVector":"iiVpTLWOfpPZtSgyrGjvrY.122","action":"GetUpdates", "result":"DeleteReceived", "context":{"id":"1c9f0400-89b9-40a1-9a89-8db076f634ae", "isDeleted:":"true", "version":"1716334955611"}}
{"logTime": "0601/034039", "correlationVector":"iiVpTLWOfpPZtSgyrGjvrY.123","action":"GetUpdates", "result":"DeleteReceived", "context":{"id":"bd928501-d252-4e65-98b0-18fafc0555ac", "isDeleted:":"true", "version":"1716337900022"}}
{"logTime": "0601/034039", "correlationVector":"iiVpTLWOfpPZtSgyrGjvrY.124","action":"GetUpdates", "result":"DeleteReceived", "context":{"id":"9d685f0f-56ef-4233-b3af-c0bc4c3e63dc", "isDeleted:":"true", "version":"1716341075789"}}
{"logTime": "0601/034039", "correlationVector":"iiVpTLWOfpPZtSgyrGjvrY.125","action":"GetUpdates", "result":"DeleteReceived", "context":{"id":"c35a55a2-7183-42fd-bdc6-2003902040af", "isDeleted:":"true", "version":"1716341075790"}}
{"logTime": "0601/034039", "correlationVector":"iiVpTLWOfpPZtSgyrGjvrY.126","action":"GetUpdates", "result":"DeleteReceived", "context":{"id":"482cc106-a9ca-485c-94aa-e10f09660aca", "isDeleted:":"true", "version":"1716341075791"}}
{"logTime": "0601/034039", "correlationVector":"iiVpTLWOfpPZtSgyrGjvrY.127","action":"GetUpdates", "result":"DeleteReceived", "context":{"id":"67cc47e5-b809-49b1-bcb8-07b948342296", "isDeleted:":"true", "version":"1716376977151"}}
{"logTime": "0601/034039", "correlationVector":"iiVpTLWOfpPZtSgyrGjvrY.128","action":"GetUpdates", "result":"DeleteReceived", "context":{"id":"f6872eeb-b981-4806-87b0-92b135f3e89d", "isDeleted:":"true", "version":"1716425553675"}}
{"logTime": "0601/034039", "correlationVector":"iiVpTLWOfpPZtSgyrGjvrY.129","action":"GetUpdates", "result":"DeleteReceived", "context":{"id":"ec041867-41c1-4d49-be8c-844fb6aa071e", "isDeleted:":"true", "version":"1716425639082"}}
{"logTime": "0601/034039", "correlationVector":"iiVpTLWOfpPZtSgyrGjvrY.130","action":"GetUpdates", "result":"DeleteReceived", "context":{"id":"4cc36842-e702-4c27-b41b-7eceeb386e64", "isDeleted:":"true", "version":"1716427773738"}}
{"logTime": "0601/034039", "correlationVector":"iiVpTLWOfpPZtSgyrGjvrY.131","action":"GetUpdates", "result":"DeleteReceived", "context":{"id":"2f2b334a-b468-446b-b960-c04738f1bd2e", "isDeleted:":"true", "version":"1716481327134"}}
{"logTime": "0601/034039", "correlationVector":"iiVpTLWOfpPZtSgyrGjvrY.132","action":"GetUpdates", "result":"DeleteReceived", "context":{"id":"5e7873f3-d885-4129-bc66-b9cf642cb3cd", "isDeleted:":"true", "version":"1716481327136"}}
{"logTime": "0601/034039", "correlationVector":"iiVpTLWOfpPZtSgyrGjvrY.133","action":"GetUpdates", "result":"DeleteReceived", "context":{"id":"76ac9a8b-601a-4e9d-9488-c54aae66601a", "isDeleted:":"true", "version":"1716483564005"}}
{"logTime": "0601/034039", "correlationVector":"iiVpTLWOfpPZtSgyrGjvrY.134","action":"GetUpdates", "result":"DeleteReceived", "context":{"id":"21f4f9aa-e63c-44da-98eb-5b7028be40db", "isDeleted:":"true", "version":"1716491704363"}}
{"logTime": "0601/034039", "correlationVector":"iiVpTLWOfpPZtSgyrGjvrY.135","action":"GetUpdates", "result":"DeleteReceived", "context":{"id":"71217582-d334-4a9d-9206-6634bcf76d6d", "isDeleted:":"true", "version":"1716491704365"}}
{"logTime": "0601/034039", "correlationVector":"iiVpTLWOfpPZtSgyrGjvrY.136","action":"GetUpdates", "result":"DeleteReceived", "context":{"id":"9bf3264a-b5c3-4e04-af34-6e29b8ef6d55", "isDeleted:":"true", "version":"1716491704366"}}
{"logTime": "0601/034039", "correlationVector":"iiVpTLWOfpPZtSgyrGjvrY.137","action":"GetUpdates", "result":"DeleteReceived", "context":{"id":"4e5cda84-f9dc-4be4-a282-8ae601d17a24", "isDeleted:":"true", "version":"1716491704367"}}
{"logTime": "0601/034039", "correlationVector":"iiVpTLWOfpPZtSgyrGjvrY.138","action":"GetUpdates", "result":"DeleteReceived", "context":{"id":"7c3b0ce8-3a43-4dd5-ba3a-17589a2607e4", "isDeleted:":"true", "version":"1716491704368"}}
{"logTime": "0601/034039", "correlationVector":"iiVpTLWOfpPZtSgyrGjvrY.139","action":"GetUpdates", "result":"DeleteReceived", "context":{"id":"a347a2f3-a317-439f-81db-31596d3ad7e5", "isDeleted:":"true", "version":"1716503429352"}}
{"logTime": "0601/034039", "correlationVector":"iiVpTLWOfpPZtSgyrGjvrY.140","action":"GetUpdates", "result":"DeleteReceived", "context":{"id":"1110803c-eeb9-4554-adf4-747f6c3f6e65", "isDeleted:":"true", "version":"1716504260636"}}
{"logTime": "0601/034039", "correlationVector":"iiVpTLWOfpPZtSgyrGjvrY.141","action":"GetUpdates", "result":"DeleteReceived", "context":{"id":"979b4497-4cf3-4677-9891-58784fd1e7a8", "isDeleted:":"true", "version":"1716511566766"}}
{"logTime": "0601/034039", "correlationVector":"iiVpTLWOfpPZtSgyrGjvrY.142","action":"GetUpdates", "result":"DeleteReceived", "context":{"id":"4210fba0-0c33-43a7-affc-01479fd31819", "isDeleted:":"true", "version":"1716573871321"}}
{"logTime": "0601/034039", "correlationVector":"iiVpTLWOfpPZtSgyrGjvrY.143","action":"GetUpdates", "result":"DeleteReceived", "context":{"id":"86af7e2e-d477-48e5-b268-bde5bc837db2", "isDeleted:":"true", "version":"1716574441362"}}
{"logTime": "0601/034039", "correlationVector":"iiVpTLWOfpPZtSgyrGjvrY.144","action":"GetUpdates", "result":"DeleteReceived", "context":{"id":"bacab34a-e568-4a55-af9b-384636abc975", "isDeleted:":"true", "version":"1716574441363"}}
{"logTime": "0601/034039", "correlationVector":"iiVpTLWOfpPZtSgyrGjvrY.145","action":"GetUpdates", "result":"DeleteReceived", "context":{"id":"db7ecbd2-9ba6-4799-a07f-adab0f62a2af", "isDeleted:":"true", "version":"1716574441364"}}
{"logTime": "0601/034039", "correlationVector":"iiVpTLWOfpPZtSgyrGjvrY.146","action":"GetUpdates", "result":"DeleteReceived", "context":{"id":"2791b282-e4ad-401a-a2a9-a0f4cd034884", "isDeleted:":"true", "version":"1716574441366"}}
{"logTime": "0601/034039", "correlationVector":"iiVpTLWOfpPZtSgyrGjvrY.147","action":"GetUpdates", "result":"DeleteReceived", "context":{"id":"a2717864-384e-4407-892b-a7f458d485dd", "isDeleted:":"true", "version":"1716574441367"}}
{"logTime": "0601/034039", "correlationVector":"iiVpTLWOfpPZtSgyrGjvrY.148","action":"GetUpdates", "result":"DeleteReceived", "context":{"id":"02a7fd87-3136-4d49-b7f3-56c7bc502aa7", "isDeleted:":"true", "version":"1716839574466"}}
{"logTime": "0601/034039", "correlationVector":"iiVpTLWOfpPZtSgyrGjvrY.149","action":"GetUpdates", "result":"DeleteReceived", "context":{"id":"c61b6bc8-1e3b-414e-be8c-8fd2a2ff391e", "isDeleted:":"true", "version":"1716914414006"}}
{"logTime": "0601/034039", "correlationVector":"iiVpTLWOfpPZtSgyrGjvrY.150","action":"GetUpdates", "result":"DeleteReceived", "context":{"id":"450a813a-7280-417a-89cc-f4fd83260526", "isDeleted:":"true", "version":"1717106000373"}}
{"logTime": "0601/034039", "correlationVector":"iiVpTLWOfpPZtSgyrGjvrY.151","action":"GetUpdates", "result":"DeleteReceived", "context":{"id":"5973debc-ffbd-4b2f-a25a-a61a367a4bb3", "isDeleted:":"true", "version":"1717109358792"}}
{"logTime": "0601/034039", "correlationVector":"iiVpTLWOfpPZtSgyrGjvrY.152","action":"GetUpdates", "result":"DeleteReceived", "context":{"id":"0a28f686-7592-4d2d-8121-e1a394c47185", "isDeleted:":"true", "version":"1717110124740"}}
{"logTime": "0601/034039", "correlationVector":"iiVpTLWOfpPZtSgyrGjvrY.153","action":"GetUpdates", "result":"DeleteReceived", "context":{"id":"e3ff8d72-718f-49f6-9a54-ea566ef3b2f1", "isDeleted:":"true", "version":"1717110498520"}}
{"logTime": "0601/034039", "correlationVector":"iiVpTLWOfpPZtSgyrGjvrY.154","action":"GetUpdates", "result":"DeleteReceived", "context":{"id":"47961b90-c279-4230-a46b-600e26322916", "isDeleted:":"true", "version":"1717111145706"}}
{"logTime": "0601/034039", "correlationVector":"iiVpTLWOfpPZtSgyrGjvrY.155","action":"GetUpdates", "result":"DeleteReceived", "context":{"id":"22e0b59e-22d1-4138-9546-e8ad8013cfd6", "isDeleted:":"true", "version":"1717115747452"}}
{"logTime": "0601/034039", "correlationVector":"iiVpTLWOfpPZtSgyrGjvrY.156","action":"GetUpdates", "result":"DeleteReceived", "context":{"id":"6febae22-0a74-415b-9a47-672bbcd37220", "isDeleted:":"true", "version":"1717116897473"}}
{"logTime": "0601/034039", "correlationVector":"iiVpTLWOfpPZtSgyrGjvrY.157","action":"GetUpdates", "result":"DeleteReceived", "context":{"id":"6200077a-d5e7-41e8-987d-6c50a414cad9", "isDeleted:":"true", "version":"1717117041199"}}
{"logTime": "0601/034039", "correlationVector":"iiVpTLWOfpPZtSgyrGjvrY.158","action":"GetUpdates", "result":"DeleteReceived", "context":{"id":"34419de7-b55b-48ed-bf2d-838c2f2b441b", "isDeleted:":"true", "version":"1717118318080"}}
{"logTime": "0601/034039", "correlationVector":"iiVpTLWOfpPZtSgyrGjvrY.159","action":"GetUpdates", "result":"DeleteReceived", "context":{"id":"faed4b9c-1e01-485d-b878-d3191b727cd1", "isDeleted:":"true", "version":"1717118991570"}}
{"logTime": "0601/034039", "correlationVector":"iiVpTLWOfpPZtSgyrGjvrY.160","action":"GetUpdates", "result":"DeleteReceived", "context":{"id":"04e596ab-8dfa-476a-8068-ed7a83e7eec7", "isDeleted:":"true", "version":"1717119756417"}}
{"logTime": "0601/034039", "correlationVector":"iiVpTLWOfpPZtSgyrGjvrY.161","action":"GetUpdates", "result":"DeleteReceived", "context":{"id":"794d39dc-2c21-407f-9243-117daff88d69", "isDeleted:":"true", "version":"1717120002627"}}
{"logTime": "0601/034039", "correlationVector":"iiVpTLWOfpPZtSgyrGjvrY.162","action":"GetUpdates", "result":"DeleteReceived", "context":{"id":"cc5d6857-a9e3-4484-87e7-1c62699d3a91", "isDeleted:":"true", "version":"1717121507213"}}
{"logTime": "0601/034039", "correlationVector":"iiVpTLWOfpPZtSgyrGjvrY.163","action":"GetUpdates", "result":"DeleteReceived", "context":{"id":"d4c6e642-7d15-420c-aede-6a79b1a9b23d", "isDeleted:":"true", "version":"1717123274462"}}
{"logTime": "0601/034039", "correlationVector":"iiVpTLWOfpPZtSgyrGjvrY.164","action":"GetUpdates", "result":"DeleteReceived", "context":{"id":"128eed61-1289-4ed3-94eb-5a940ed3cea4", "isDeleted:":"true", "version":"1717123274464"}}
{"logTime": "0601/034039", "correlationVector":"iiVpTLWOfpPZtSgyrGjvrY.165","action":"GetUpdates", "result":"DeleteReceived", "context":{"id":"4517104c-90db-4720-91c0-eabbfa62c208", "isDeleted:":"true", "version":"1717209213299"}}
{"logTime": "0601/034039", "correlationVector":"iiVpTLWOfpPZtSgyrGjvrY.166","action":"GetUpdates", "result":"DeleteReceived", "context":{"id":"74c4862e-2b2e-4fe0-939c-81c9b89e186a", "isDeleted:":"true", "version":"1717210661656"}}
{"logTime": "0601/034039", "correlationVector":"iiVpTLWOfpPZtSgyrGjvrY.167","action":"GetUpdates", "result":"DeleteReceived", "context":{"id":"150cd7cd-a42a-486c-b13c-db1c7657815d", "isDeleted:":"true", "version":"1717210661658"}}
{"logTime": "0601/034039", "correlationVector":"iiVpTLWOfpPZtSgyrGjvrY.168","action":"GetUpdates", "result":"DeleteReceived", "context":{"id":"c4d304d4-200a-43fc-851e-255b8b29d91c", "isDeleted:":"true", "version":"1717210876148"}}
{"logTime": "0601/034039", "correlationVector":"iiVpTLWOfpPZtSgyrGjvrY.169","action":"GetUpdates", "result":"DeleteReceived", "context":{"id":"d2b73166-3b3c-4f7f-9063-fda4e213d3c0", "isDeleted:":"true", "version":"1717211516704"}}
{"logTime": "0601/034039", "correlationVector":"iiVpTLWOfpPZtSgyrGjvrY.170","action":"GetUpdates Response", "result":"Success", "context":Received 200 update(s). cV=iiVpTLWOfpPZtSgyrGjvrY.0;server=GENERAL01000026;cloudType=Consumer;environment=Prod_EastUS2_000e;migrationStage=NotStarted}
{"logTime": "0601/034039", "correlationVector":"vQ57ANMhOWUb4W3w7b5u0w","action":"Normal GetUpdate request", "result":"", "context":cV=vQ57ANMhOWUb4W3w7b5u0w
Nudged types: Bookmarks, Sessions, Device Info
Refresh requested types: Bookmarks, Preferences, Passwords, Autofill Profiles, Autofill, Typed URLs, Extensions, Sessions, Extension settings, History Delete Directives, Device Info, User Consents, Send Tab To Self, Web Apps, Collection, Edge E Drop, Edge Hub App Usage, Edge Tab Group, Edge Wallet, Encryption Keys}
{"logTime": "0601/034040", "correlationVector":"vQ57ANMhOWUb4W3w7b5u0w.1","action":"SyncServerConnectionManagerRequest", "result":"SYNC_SERVER_OK", "context":{"environment":"Prod_EastUS2_000e", "migrationStage":"NotStarted", "server":"GENERAL0100000B"}}
{"logTime": "0601/034040", "correlationVector":"vQ57ANMhOWUb4W3w7b5u0w.2","action":"GetUpdates Response", "result":"Success", "context":Received 0 update(s). cV=vQ57ANMhOWUb4W3w7b5u0w.0;server=GENERAL0100000B;cloudType=Consumer;environment=Prod_EastUS2_000e;migrationStage=NotStarted}
{"logTime": "0601/034040", "correlationVector":"g8hZxir7WrRSjwjjbzKjXX","action":"Commit Request", "result":"", "context":Item count: 4
Contributing types: Bookmarks, Sessions, Device Info}
{"logTime": "0601/034040", "correlationVector":"g8hZxir7WrRSjwjjbzKjXX.1","action":"SyncServerConnectionManagerRequest", "result":"SYNC_SERVER_OK", "context":{"environment":"Prod_EastUS2_000e", "migrationStage":"NotStarted", "server":"GENERAL0100001H"}}
{"logTime": "0601/034040", "correlationVector":"g8hZxir7WrRSjwjjbzKjXX.2","action":"Commit Response", "result":"Success", "context":Result: Success. cV=g8hZxir7WrRSjwjjbzKjXX.0;server=GENERAL0100001H;cloudType=Consumer;environment=Prod_EastUS2_000e;migrationStage=NotStarted}
{"logTime": "0601/034125", "correlationVector":"D9zfULfvD+QrRtuuSpXaqA","action":"Commit Request", "result":"", "context":Item count: 1
Contributing types: Sessions}
{"logTime": "0601/034126", "correlationVector":"D9zfULfvD+QrRtuuSpXaqA.1","action":"SyncServerConnectionManagerRequest", "result":"SYNC_SERVER_OK", "context":{"environment":"Prod_EastUS2_000e", "migrationStage":"NotStarted", "server":"GENERAL0100002X"}}
{"logTime": "0601/034126", "correlationVector":"D9zfULfvD+QrRtuuSpXaqA.2","action":"Commit Response", "result":"Success", "context":Result: Success. cV=D9zfULfvD+QrRtuuSpXaqA.0;server=GENERAL0100002X;cloudType=Consumer;environment=Prod_EastUS2_000e;migrationStage=NotStarted}
{"logTime": "0601/034253", "correlationVector":"b1m4ZlbRwSahKENhYLVVqC","action":"Commit Request", "result":"", "context":Item count: 5
Contributing types: Preferences, Sessions, Edge Hub App Usage}
{"logTime": "0601/034254", "correlationVector":"b1m4ZlbRwSahKENhYLVVqC.1","action":"SyncServerConnectionManagerRequest", "result":"SYNC_SERVER_OK", "context":{"environment":"Prod_EastUS2_000e", "migrationStage":"NotStarted", "server":"GENERAL0100000M"}}
{"logTime": "0601/034254", "correlationVector":"b1m4ZlbRwSahKENhYLVVqC.2","action":"Commit Response", "result":"Success", "context":Result: Success. cV=b1m4ZlbRwSahKENhYLVVqC.0;server=GENERAL0100000M;cloudType=Consumer;environment=Prod_EastUS2_000e;migrationStage=NotStarted}
{"logTime": "0601/034257", "correlationVector":"ErTeSbBUznjkOhuTBSMOVX","action":"Commit Request", "result":"", "context":Item count: 1
Contributing types: Preferences}
{"logTime": "0601/034258", "correlationVector":"ErTeSbBUznjkOhuTBSMOVX.1","action":"SyncServerConnectionManagerRequest", "result":"SYNC_SERVER_OK", "context":{"environment":"Prod_EastUS2_000e", "migrationStage":"NotStarted", "server":"GENERAL0100002G"}}
{"logTime": "0601/034258", "correlationVector":"ErTeSbBUznjkOhuTBSMOVX.2","action":"Commit Response", "result":"Success", "context":Result: Success. cV=ErTeSbBUznjkOhuTBSMOVX.0;server=GENERAL0100002G;cloudType=Consumer;environment=Prod_EastUS2_000e;migrationStage=NotStarted}
{"logTime": "0601/034303", "correlationVector":"ET7226oYtuT9JxhqE+BdSQ","action":"Commit Request", "result":"", "context":Item count: 1
Contributing types: Preferences}
{"logTime": "0601/034304", "correlationVector":"ET7226oYtuT9JxhqE+BdSQ.1","action":"SyncServerConnectionManagerRequest", "result":"SYNC_SERVER_OK", "context":{"environment":"Prod_EastUS2_000e", "migrationStage":"NotStarted", "server":"GENERAL01000009"}}
{"logTime": "0601/034304", "correlationVector":"ET7226oYtuT9JxhqE+BdSQ.2","action":"Commit Response", "result":"Success", "context":Result: Success. cV=ET7226oYtuT9JxhqE+BdSQ.0;server=GENERAL01000009;cloudType=Consumer;environment=Prod_EastUS2_000e;migrationStage=NotStarted}
{"logTime": "0601/034330", "correlationVector":"Ai7F1NlojPcmRYsydrAO/y","action":"Commit Request", "result":"", "context":Item count: 2
Contributing types: Edge Hub App Usage}
{"logTime": "0601/034331", "correlationVector":"Ai7F1NlojPcmRYsydrAO/y.1","action":"SyncServerConnectionManagerRequest", "result":"SYNC_SERVER_OK", "context":{"environment":"Prod_EastUS2_000e", "migrationStage":"NotStarted", "server":"GENERAL0100002R"}}
{"logTime": "0601/034331", "correlationVector":"Ai7F1NlojPcmRYsydrAO/y.2","action":"Commit Response", "result":"Success", "context":Result: Success. cV=Ai7F1NlojPcmRYsydrAO/y.0;server=GENERAL0100002R;cloudType=Consumer;environment=Prod_EastUS2_000e;migrationStage=NotStarted}
{"logTime": "0601/034647", "correlationVector":"BpVKIESCvvi7GKz33eyOTN.1","action":"SyncServerConnectionManagerRequest", "result":"SYNC_SERVER_OK", "context":{"environment":"Prod_EastUS2_000e", "migrationStage":"NotStarted", "server":"GENERAL0100001M"}}
{"logTime": "0601/034647", "correlationVector":"BpVKIESCvvi7GKz33eyOTN","action":"Initial GetUpdates", "result":"", "context":Reason: NEW_CLIENT. cV=BpVKIESCvvi7GKz33eyOTN}
{"logTime": "0601/034647", "correlationVector":"BpVKIESCvvi7GKz33eyOTN.2","action":"GetUpdates Response", "result":"Success", "context":Received 1 update(s). cV=BpVKIESCvvi7GKz33eyOTN.0;server=GENERAL0100001M;cloudType=Consumer;environment=Prod_EastUS2_000e;migrationStage=NotStarted}
{"logTime": "0601/034648", "correlationVector":"4N82grmOUAGVxNanIxs48o","action":"Initial GetUpdates", "result":"", "context":Reason: NEWLY_SUPPORTED_DATATYPE. cV=4N82grmOUAGVxNanIxs48o}
{"logTime": "0601/034648", "correlationVector":"4N82grmOUAGVxNanIxs48o.1","action":"SyncServerConnectionManagerRequest", "result":"SYNC_SERVER_OK", "context":{"environment":"Prod_EastUS2_000e", "migrationStage":"NotStarted", "server":"GENERAL0100000F"}}
{"logTime": "0601/034648", "correlationVector":"4N82grmOUAGVxNanIxs48o.2","action":"GetUpdates", "result":"DeleteReceived", "context":{"id":"a476d2d3-b382-46fe-a9f6-1eb9bf71e39e", "isDeleted:":"true", "version":"1686961566077"}}
{"logTime": "0601/034648", "correlationVector":"4N82grmOUAGVxNanIxs48o.3","action":"GetUpdates", "result":"DeleteReceived", "context":{"id":"336b70be-d185-4aa9-8470-bb33dc04ca9f", "isDeleted:":"true", "version":"1693150382985"}}
{"logTime": "0601/034648", "correlationVector":"4N82grmOUAGVxNanIxs48o.4","action":"GetUpdates", "result":"DeleteReceived", "context":{"id":"7fb9156d-b60b-428a-bd68-c43dc2b32a42", "isDeleted:":"true", "version":"1697473448534"}}
{"logTime": "0601/034648", "correlationVector":"4N82grmOUAGVxNanIxs48o.5","action":"GetUpdates", "result":"DeleteReceived", "context":{"id":"71c6999a-2dd5-4f25-b11f-4cccc8ed8473", "isDeleted:":"true", "version":"1705100072390"}}
{"logTime": "0601/034648", "correlationVector":"4N82grmOUAGVxNanIxs48o.6","action":"GetUpdates", "result":"DeleteReceived", "context":{"id":"360f32dc-107a-4bc0-8658-4d7ffcbc4abd", "isDeleted:":"true", "version":"1713911595122"}}
{"logTime": "0601/034648", "correlationVector":"4N82grmOUAGVxNanIxs48o.7","action":"GetUpdates Response", "result":"Success", "context":Received 130 update(s). cV=4N82grmOUAGVxNanIxs48o.0;server=GENERAL0100000F;cloudType=Consumer;environment=Prod_EastUS2_000e;migrationStage=NotStarted}
{"logTime": "0601/034648", "correlationVector":"eA3bYJX1yQDdV0/fcJpnb/","action":"SyncServerConnectionManagerRequest", "result":"SYNC_SERVER_OK", "context":{"environment":"", "migrationStage":"", "server":""}}
{"logTime": "0601/034648", "correlationVector":"OSLJH3cTFaW/iJYOsks9gt","action":"Normal GetUpdate request", "result":"", "context":cV=OSLJH3cTFaW/iJYOsks9gt
Nudged types: Sessions
Refresh requested types: Bookmarks, Preferences, Passwords, Autofill Profiles, Autofill, Typed URLs, Extensions, Sessions, Extension settings, History Delete Directives, Device Info, User Consents, Send Tab To Self, Web Apps, Collection, Edge E Drop, Edge Hub App Usage, Edge Tab Group, Edge Wallet, Encryption Keys}
{"logTime": "0601/034648", "correlationVector":"OSLJH3cTFaW/iJYOsks9gt.1","action":"SyncServerConnectionManagerRequest", "result":"SYNC_SERVER_OK", "context":{"environment":"Prod_EastUS2_000e", "migrationStage":"NotStarted", "server":"GENERAL01000019"}}
{"logTime": "0601/034648", "correlationVector":"OSLJH3cTFaW/iJYOsks9gt.2","action":"GetUpdates Response", "result":"Success", "context":Received 11 update(s). cV=OSLJH3cTFaW/iJYOsks9gt.0;server=GENERAL01000019;cloudType=Consumer;environment=Prod_EastUS2_000e;migrationStage=NotStarted}
{"logTime": "0601/034648", "correlationVector":"JxCj0qCX0ykedP7ddxi87j","action":"Commit Request", "result":"", "context":Item count: 4
Contributing types: Sessions}
{"logTime": "0601/034648", "correlationVector":"JxCj0qCX0ykedP7ddxi87j.1","action":"SyncServerConnectionManagerRequest", "result":"SYNC_SERVER_OK", "context":{"environment":"Prod_EastUS2_000e", "migrationStage":"NotStarted", "server":"GENERAL01000006"}}
{"logTime": "0601/034648", "correlationVector":"JxCj0qCX0ykedP7ddxi87j.2","action":"Commit Response", "result":"Success", "context":Result: Success. cV=JxCj0qCX0ykedP7ddxi87j.0;server=GENERAL01000006;cloudType=Consumer;environment=Prod_EastUS2_000e;migrationStage=NotStarted}
{"logTime": "0601/034648", "correlationVector":"JxCj0qCX0ykedP7ddxi87j.3","action":"Commit.Sessions", "result":"Success", "context":{"id":"1aa34aa5-35f5-485e-bcfa-59730020bab2", "isDeleted":"true", "size":"0", "version":"1717213374797"}}
{"logTime": "0601/034648", "correlationVector":"JxCj0qCX0ykedP7ddxi87j.4","action":"Commit.Sessions", "result":"Success", "context":{"id":"c49d3c8b-f653-4462-bf3d-d1dc354a086d", "isDeleted":"true", "size":"0", "version":"1717213374798"}}
{"logTime": "0601/034648", "correlationVector":"EagOz4kxgvbYq8ND2V540/","action":"Normal GetUpdate request", "result":"", "context":cV=EagOz4kxgvbYq8ND2V540/
Nudged types: Sessions
Notified types: Preferences
Refresh requested types: Bookmarks, Preferences, Passwords, Autofill Profiles, Autofill, Typed URLs, Extensions, Sessions, Extension settings, History Delete Directives, Device Info, User Consents, Send Tab To Self, Web Apps, Collection, Edge E Drop, Edge Hub App Usage, Edge Tab Group, Edge Wallet, Encryption Keys}
{"logTime": "0601/034648", "correlationVector":"EagOz4kxgvbYq8ND2V540/.1","action":"SyncServerConnectionManagerRequest", "result":"SYNC_SERVER_OK", "context":{"environment":"Prod_EastUS2_000e", "migrationStage":"NotStarted", "server":"GENERAL01000009"}}
{"logTime": "0601/034648", "correlationVector":"EagOz4kxgvbYq8ND2V540/.2","action":"GetUpdates", "result":"DeleteReceived", "context":{"id":"1aa34aa5-35f5-485e-bcfa-59730020bab2", "isDeleted:":"true", "version":"1717213598397"}}
{"logTime": "0601/034648", "correlationVector":"EagOz4kxgvbYq8ND2V540/.3","action":"GetUpdates", "result":"DeleteReceived", "context":{"id":"c49d3c8b-f653-4462-bf3d-d1dc354a086d", "isDeleted:":"true", "version":"1717213598399"}}
{"logTime": "0601/034648", "correlationVector":"EagOz4kxgvbYq8ND2V540/.4","action":"GetUpdates Response", "result":"Success", "context":Received 4 update(s). cV=EagOz4kxgvbYq8ND2V540/.0;server=GENERAL01000009;cloudType=Consumer;environment=Prod_EastUS2_000e;migrationStage=NotStarted}
{"logTime": "0601/034650", "correlationVector":"WdHHe+wmBdpc3J/M0krfvE","action":"Commit Request", "result":"", "context":Item count: 2
Contributing types: Preferences, Sessions}
{"logTime": "0601/034650", "correlationVector":"WdHHe+wmBdpc3J/M0krfvE.1","action":"SyncServerConnectionManagerRequest", "result":"SYNC_SERVER_OK", "context":{"environment":"Prod_EastUS2_000e", "migrationStage":"NotStarted", "server":"GENERAL01000007"}}
{"logTime": "0601/034650", "correlationVector":"WdHHe+wmBdpc3J/M0krfvE.2","action":"Commit Response", "result":"Success", "context":Result: Success. cV=WdHHe+wmBdpc3J/M0krfvE.0;server=GENERAL01000007;cloudType=Consumer;environment=Prod_EastUS2_000e;migrationStage=NotStarted}
{"logTime": "0601/175815", "correlationVector":"qKeBGtnWhjovhh5Qx8aPVp.1","action":"SyncServerConnectionManagerRequest", "result":"SYNC_SERVER_OK", "context":{"environment":"Prod_EastUS2_000e", "migrationStage":"NotStarted", "server":"GENERAL0100000I"}}
{"logTime": "0601/175815", "correlationVector":"qKeBGtnWhjovhh5Qx8aPVp","action":"Initial GetUpdates", "result":"", "context":Reason: NEW_CLIENT. cV=qKeBGtnWhjovhh5Qx8aPVp}
{"logTime": "0601/175815", "correlationVector":"qKeBGtnWhjovhh5Qx8aPVp.2","action":"GetUpdates Response", "result":"Success", "context":Received 1 update(s). cV=qKeBGtnWhjovhh5Qx8aPVp.0;server=GENERAL0100000I;cloudType=Consumer;environment=Prod_EastUS2_000e;migrationStage=NotStarted}
{"logTime": "0601/175815", "correlationVector":"eSrzPoNwxLNcBGx15BNyLb","action":"SyncServerConnectionManagerRequest", "result":"SYNC_SERVER_OK", "context":{"environment":"", "migrationStage":"", "server":""}}
{"logTime": "0601/175815", "correlationVector":"7Wm86dfQYxrltJ5bErC4IB","action":"Initial GetUpdates", "result":"", "context":Reason: NEWLY_SUPPORTED_DATATYPE. cV=7Wm86dfQYxrltJ5bErC4IB}
{"logTime": "0601/175815", "correlationVector":"7Wm86dfQYxrltJ5bErC4IB.1","action":"SyncServerConnectionManagerRequest", "result":"SYNC_SERVER_OK", "context":{"environment":"Prod_EastUS2_000e", "migrationStage":"NotStarted", "server":"GENERAL0100002R"}}
{"logTime": "0601/175815", "correlationVector":"7Wm86dfQYxrltJ5bErC4IB.2","action":"GetUpdates", "result":"DeleteReceived", "context":{"id":"a476d2d3-b382-46fe-a9f6-1eb9bf71e39e", "isDeleted:":"true", "version":"1686961566077"}}
{"logTime": "0601/175815", "correlationVector":"7Wm86dfQYxrltJ5bErC4IB.3","action":"GetUpdates", "result":"DeleteReceived", "context":{"id":"336b70be-d185-4aa9-8470-bb33dc04ca9f", "isDeleted:":"true", "version":"1693150382985"}}
{"logTime": "0601/175815", "correlationVector":"7Wm86dfQYxrltJ5bErC4IB.4","action":"GetUpdates", "result":"DeleteReceived", "context":{"id":"7fb9156d-b60b-428a-bd68-c43dc2b32a42", "isDeleted:":"true", "version":"1697473448534"}}
{"logTime": "0601/175815", "correlationVector":"7Wm86dfQYxrltJ5bErC4IB.5","action":"GetUpdates", "result":"DeleteReceived", "context":{"id":"71c6999a-2dd5-4f25-b11f-4cccc8ed8473", "isDeleted:":"true", "version":"1705100072390"}}
{"logTime": "0601/175815", "correlationVector":"7Wm86dfQYxrltJ5bErC4IB.6","action":"GetUpdates", "result":"DeleteReceived", "context":{"id":"360f32dc-107a-4bc0-8658-4d7ffcbc4abd", "isDeleted:":"true", "version":"1713911595122"}}
{"logTime": "0601/175815", "correlationVector":"7Wm86dfQYxrltJ5bErC4IB.7","action":"GetUpdates Response", "result":"Success", "context":Received 130 update(s). cV=7Wm86dfQYxrltJ5bErC4IB.0;server=GENERAL0100002R;cloudType=Consumer;environment=Prod_EastUS2_000e;migrationStage=NotStarted}
{"logTime": "0601/175815", "correlationVector":"Qc2Gp4CaSh1Hfa34FAPosO","action":"Normal GetUpdate request", "result":"", "context":cV=Qc2Gp4CaSh1Hfa34FAPosO
Nudged types: Sessions
Refresh requested types: Bookmarks, Preferences, Passwords, Autofill Profiles, Autofill, Typed URLs, Extensions, Sessions, Extension settings, History Delete Directives, Device Info, User Consents, Send Tab To Self, Web Apps, Collection, Edge E Drop, Edge Hub App Usage, Edge Tab Group, Edge Wallet, Encryption Keys}
{"logTime": "0601/175815", "correlationVector":"Qc2Gp4CaSh1Hfa34FAPosO.1","action":"SyncServerConnectionManagerRequest", "result":"SYNC_SERVER_OK", "context":{"environment":"Prod_EastUS2_000e", "migrationStage":"NotStarted", "server":"GENERAL0100000B"}}
{"logTime": "0601/175815", "correlationVector":"Qc2Gp4CaSh1Hfa34FAPosO.2","action":"GetUpdates", "result":"DeleteReceived", "context":{"id":"d400c7c5-248b-4c68-b334-2a54e8f49fe9", "isDeleted:":"true", "version":"1717264004180"}}
{"logTime": "0601/175815", "correlationVector":"Qc2Gp4CaSh1Hfa34FAPosO.3","action":"GetUpdates", "result":"DeleteReceived", "context":{"id":"28826e3e-b181-41cc-ac3a-da07b029959e", "isDeleted:":"true", "version":"1717264004181"}}
{"logTime": "0601/175815", "correlationVector":"Qc2Gp4CaSh1Hfa34FAPosO.4","action":"GetUpdates Response", "result":"Success", "context":Received 10 update(s). cV=Qc2Gp4CaSh1Hfa34FAPosO.0;server=GENERAL0100000B;cloudType=Consumer;environment=Prod_EastUS2_000e;migrationStage=NotStarted}
{"logTime": "0601/175815", "correlationVector":"EIOTUgZ0HtkhBf8H2n1Ted","action":"Commit Request", "result":"", "context":Item count: 3
Contributing types: Sessions}
{"logTime": "0601/175815", "correlationVector":"EIOTUgZ0HtkhBf8H2n1Ted.1","action":"SyncServerConnectionManagerRequest", "result":"SYNC_SERVER_OK", "context":{"environment":"Prod_EastUS2_000e", "migrationStage":"NotStarted", "server":"GENERAL0100001H"}}
{"logTime": "0601/175815", "correlationVector":"EIOTUgZ0HtkhBf8H2n1Ted.2","action":"Commit Response", "result":"Success", "context":Result: Success. cV=EIOTUgZ0HtkhBf8H2n1Ted.0;server=GENERAL0100001H;cloudType=Consumer;environment=Prod_EastUS2_000e;migrationStage=NotStarted}
{"logTime": "0601/175815", "correlationVector":"EIOTUgZ0HtkhBf8H2n1Ted.3","action":"Commit.Sessions", "result":"Success", "context":{"id":"3dc58777-6721-49d5-b4b3-e097b7407a21", "isDeleted":"true", "size":"0", "version":"1717213610844"}}
{"logTime": "0601/175815", "correlationVector":"9Ewv8jpJQJmpFd9rBEmghd","action":"Normal GetUpdate request", "result":"", "context":cV=9Ewv8jpJQJmpFd9rBEmghd
Nudged types: Sessions}
{"logTime": "0601/175815", "correlationVector":"9Ewv8jpJQJmpFd9rBEmghd.1","action":"SyncServerConnectionManagerRequest", "result":"SYNC_SERVER_OK", "context":{"environment":"Prod_EastUS2_000e", "migrationStage":"NotStarted", "server":"GENERAL01000023"}}
{"logTime": "0601/175815", "correlationVector":"9Ewv8jpJQJmpFd9rBEmghd.2","action":"GetUpdates", "result":"DeleteReceived", "context":{"id":"3dc58777-6721-49d5-b4b3-e097b7407a21", "isDeleted:":"true", "version":"1717264689032"}}
{"logTime": "0601/175815", "correlationVector":"9Ewv8jpJQJmpFd9rBEmghd.3","action":"GetUpdates Response", "result":"Success", "context":Received 3 update(s). cV=9Ewv8jpJQJmpFd9rBEmghd.0;server=GENERAL01000023;cloudType=Consumer;environment=Prod_EastUS2_000e;migrationStage=NotStarted}
{"logTime": "0601/175815", "correlationVector":"ZtmYoX19lW4k1xPC13kBX7","action":"Poll GetUpdate request", "result":"", "context":cV=ZtmYoX19lW4k1xPC13kBX7}
{"logTime": "0601/175815", "correlationVector":"ZtmYoX19lW4k1xPC13kBX7.1","action":"SyncServerConnectionManagerRequest", "result":"SYNC_SERVER_OK", "context":{"environment":"Prod_EastUS2_000e", "migrationStage":"NotStarted", "server":"GENERAL0100002Q"}}
{"logTime": "0601/175815", "correlationVector":"ZtmYoX19lW4k1xPC13kBX7.2","action":"GetUpdates Response", "result":"Success", "context":Received 0 update(s). cV=ZtmYoX19lW4k1xPC13kBX7.0;server=GENERAL0100002Q;cloudType=Consumer;environment=Prod_EastUS2_000e;migrationStage=NotStarted}
{"logTime": "0601/175817", "correlationVector":"11+2d2t9fB7UrXSiPJ9qBv","action":"Commit Request", "result":"", "context":Item count: 2
Contributing types: Preferences, Sessions}
{"logTime": "0601/175817", "correlationVector":"11+2d2t9fB7UrXSiPJ9qBv.1","action":"SyncServerConnectionManagerRequest", "result":"SYNC_SERVER_OK", "context":{"environment":"Prod_EastUS2_000e", "migrationStage":"NotStarted", "server":"GENERAL0100002X"}}
{"logTime": "0601/175817", "correlationVector":"11+2d2t9fB7UrXSiPJ9qBv.2","action":"Commit Response", "result":"Success", "context":Result: Success. cV=11+2d2t9fB7UrXSiPJ9qBv.0;server=GENERAL0100002X;cloudType=Consumer;environment=Prod_EastUS2_000e;migrationStage=NotStarted}
{"logTime": "0601/175920", "correlationVector":"dXi4MCAo4fgqBUAcyJcrZG","action":"Normal GetUpdate request", "result":"", "context":cV=dXi4MCAo4fgqBUAcyJcrZG
Notified types: Preferences}
{"logTime": "0601/175921", "correlationVector":"dXi4MCAo4fgqBUAcyJcrZG.1","action":"SyncServerConnectionManagerRequest", "result":"SYNC_SERVER_OK", "context":{"environment":"Prod_EastUS2_000e", "migrationStage":"NotStarted", "server":"GENERAL0100002H"}}
{"logTime": "0601/175921", "correlationVector":"dXi4MCAo4fgqBUAcyJcrZG.2","action":"GetUpdates Response", "result":"Success", "context":Received 4 update(s). cV=dXi4MCAo4fgqBUAcyJcrZG.0;server=GENERAL0100002H;cloudType=Consumer;environment=Prod_EastUS2_000e;migrationStage=NotStarted}
{"logTime": "0601/180122", "correlationVector":"lyeQkthbiLl18oN6fHwULT","action":"Normal GetUpdate request", "result":"", "context":cV=lyeQkthbiLl18oN6fHwULT
Notified types: Preferences}
{"logTime": "0601/180123", "correlationVector":"lyeQkthbiLl18oN6fHwULT.1","action":"SyncServerConnectionManagerRequest", "result":"SYNC_SERVER_OK", "context":{"environment":"Prod_EastUS2_000e", "migrationStage":"NotStarted", "server":"GENERAL01000023"}}
{"logTime": "0601/180123", "correlationVector":"lyeQkthbiLl18oN6fHwULT.2","action":"GetUpdates Response", "result":"Success", "context":Received 1 update(s). cV=lyeQkthbiLl18oN6fHwULT.0;server=GENERAL01000023;cloudType=Consumer;environment=Prod_EastUS2_000e;migrationStage=NotStarted}
{"logTime": "0601/180305", "correlationVector":"GLN1nksV5NOy+V+ZNuohTN","action":"Normal GetUpdate request", "result":"", "context":cV=GLN1nksV5NOy+V+ZNuohTN
Refresh requested types: Bookmarks, Preferences, Passwords, Autofill Profiles, Autofill, Typed URLs, Extensions, Sessions, Extension settings, History Delete Directives, Device Info, User Consents, Send Tab To Self, Web Apps, Collection, Edge E Drop, Edge Hub App Usage, Edge Tab Group, Edge Wallet, Encryption Keys}
{"logTime": "0601/180306", "correlationVector":"GLN1nksV5NOy+V+ZNuohTN.1","action":"SyncServerConnectionManagerRequest", "result":"SYNC_SERVER_OK", "context":{"environment":"Prod_EastUS2_000e", "migrationStage":"NotStarted", "server":"GENERAL0100000S"}}
{"logTime": "0601/180306", "correlationVector":"GLN1nksV5NOy+V+ZNuohTN.2","action":"GetUpdates Response", "result":"Success", "context":Received 0 update(s). cV=GLN1nksV5NOy+V+ZNuohTN.0;server=GENERAL0100000S;cloudType=Consumer;environment=Prod_EastUS2_000e;migrationStage=NotStarted}
{"logTime": "0601/182547", "correlationVector":"gTdDeS2PZo5/z2p0VWRTNc.1","action":"SyncServerConnectionManagerRequest", "result":"SYNC_SERVER_OK", "context":{"environment":"Prod_EastUS2_000e", "migrationStage":"NotStarted", "server":"GENERAL0100002W"}}
{"logTime": "0601/182548", "correlationVector":"gTdDeS2PZo5/z2p0VWRTNc","action":"Initial GetUpdates", "result":"", "context":Reason: NEW_CLIENT. cV=gTdDeS2PZo5/z2p0VWRTNc}
{"logTime": "0601/182548", "correlationVector":"gTdDeS2PZo5/z2p0VWRTNc.2","action":"GetUpdates Response", "result":"Success", "context":Received 1 update(s). cV=gTdDeS2PZo5/z2p0VWRTNc.0;server=GENERAL0100002W;cloudType=Consumer;environment=Prod_EastUS2_000e;migrationStage=NotStarted}
{"logTime": "0601/182548", "correlationVector":"WG+QJbLjCMVx2hniB8otN6","action":"SyncServerConnectionManagerRequest", "result":"SYNC_SERVER_OK", "context":{"environment":"", "migrationStage":"", "server":""}}
{"logTime": "0601/182548", "correlationVector":"LC0yFU+G6umkCqvYTCrk93","action":"Initial GetUpdates", "result":"", "context":Reason: NEWLY_SUPPORTED_DATATYPE. cV=LC0yFU+G6umkCqvYTCrk93}
{"logTime": "0601/182548", "correlationVector":"LC0yFU+G6umkCqvYTCrk93.1","action":"SyncServerConnectionManagerRequest", "result":"SYNC_SERVER_OK", "context":{"environment":"Prod_EastUS2_000e", "migrationStage":"NotStarted", "server":"GENERAL01000014"}}
{"logTime": "0601/182548", "correlationVector":"LC0yFU+G6umkCqvYTCrk93.2","action":"GetUpdates", "result":"DeleteReceived", "context":{"id":"a476d2d3-b382-46fe-a9f6-1eb9bf71e39e", "isDeleted:":"true", "version":"1686961566077"}}
{"logTime": "0601/182548", "correlationVector":"LC0yFU+G6umkCqvYTCrk93.3","action":"GetUpdates", "result":"DeleteReceived", "context":{"id":"336b70be-d185-4aa9-8470-bb33dc04ca9f", "isDeleted:":"true", "version":"1693150382985"}}
{"logTime": "0601/182548", "correlationVector":"LC0yFU+G6umkCqvYTCrk93.4","action":"GetUpdates", "result":"DeleteReceived", "context":{"id":"7fb9156d-b60b-428a-bd68-c43dc2b32a42", "isDeleted:":"true", "version":"1697473448534"}}
{"logTime": "0601/182548", "correlationVector":"LC0yFU+G6umkCqvYTCrk93.5","action":"GetUpdates", "result":"DeleteReceived", "context":{"id":"71c6999a-2dd5-4f25-b11f-4cccc8ed8473", "isDeleted:":"true", "version":"1705100072390"}}
{"logTime": "0601/182548", "correlationVector":"LC0yFU+G6umkCqvYTCrk93.6","action":"GetUpdates", "result":"DeleteReceived", "context":{"id":"360f32dc-107a-4bc0-8658-4d7ffcbc4abd", "isDeleted:":"true", "version":"1713911595122"}}
{"logTime": "0601/182548", "correlationVector":"LC0yFU+G6umkCqvYTCrk93.7","action":"GetUpdates Response", "result":"Success", "context":Received 130 update(s). cV=LC0yFU+G6umkCqvYTCrk93.0;server=GENERAL01000014;cloudType=Consumer;environment=Prod_EastUS2_000e;migrationStage=NotStarted}
{"logTime": "0601/182548", "correlationVector":"YCCGIlYOX50Asa+mt7myZ5","action":"Normal GetUpdate request", "result":"", "context":cV=YCCGIlYOX50Asa+mt7myZ5
Nudged types: Sessions
Refresh requested types: Bookmarks, Preferences, Passwords, Autofill Profiles, Autofill, Typed URLs, Extensions, Sessions, Extension settings, History Delete Directives, Device Info, User Consents, Send Tab To Self, Web Apps, Collection, Edge E Drop, Edge Hub App Usage, Edge Tab Group, Edge Wallet, Encryption Keys}
{"logTime": "0601/182548", "correlationVector":"YCCGIlYOX50Asa+mt7myZ5.1","action":"SyncServerConnectionManagerRequest", "result":"SYNC_SERVER_OK", "context":{"environment":"Prod_EastUS2_000e", "migrationStage":"NotStarted", "server":"GENERAL0100000M"}}
{"logTime": "0601/182548", "correlationVector":"YCCGIlYOX50Asa+mt7myZ5.2","action":"GetUpdates Response", "result":"Success", "context":Received 1 update(s). cV=YCCGIlYOX50Asa+mt7myZ5.0;server=GENERAL0100000M;cloudType=Consumer;environment=Prod_EastUS2_000e;migrationStage=NotStarted}
{"logTime": "0601/182548", "correlationVector":"jG/Fa13X/Kfos61ep+Ikra","action":"Commit Request", "result":"", "context":Item count: 3
Contributing types: Sessions}
{"logTime": "0601/182548", "correlationVector":"jG/Fa13X/Kfos61ep+Ikra.1","action":"SyncServerConnectionManagerRequest", "result":"SYNC_SERVER_OK", "context":{"environment":"Prod_EastUS2_000e", "migrationStage":"NotStarted", "server":"GENERAL01000002"}}
{"logTime": "0601/182548", "correlationVector":"jG/Fa13X/Kfos61ep+Ikra.3","action":"Commit.Sessions", "result":"Success", "context":{"id":"28e26d24-73ee-4e1a-a7d7-198de11ffc84", "isDeleted":"true", "size":"0", "version":"1717264698097"}}
{"logTime": "0601/182548", "correlationVector":"jG/Fa13X/Kfos61ep+Ikra.2","action":"Commit Response", "result":"Success", "context":Result: Success. cV=jG/Fa13X/Kfos61ep+Ikra.0;server=GENERAL01000002;cloudType=Consumer;environment=Prod_EastUS2_000e;migrationStage=NotStarted}
{"logTime": "0601/182550", "correlationVector":"yvua0Awq9spOBmCoz77rp0","action":"Normal GetUpdate request", "result":"", "context":cV=yvua0Awq9spOBmCoz77rp0
Nudged types: Preferences, Sessions}
{"logTime": "0601/182550", "correlationVector":"yvua0Awq9spOBmCoz77rp0.1","action":"SyncServerConnectionManagerRequest", "result":"SYNC_SERVER_OK", "context":{"environment":"Prod_EastUS_000w", "migrationStage":"NotStarted", "server":"GENERAL1100000K"}}
{"logTime": "0601/182550", "correlationVector":"yvua0Awq9spOBmCoz77rp0.2","action":"GetUpdates", "result":"DeleteReceived", "context":{"id":"28e26d24-73ee-4e1a-a7d7-198de11ffc84", "isDeleted:":"true", "version":"1717266341551"}}
{"logTime": "0601/182550", "correlationVector":"yvua0Awq9spOBmCoz77rp0.3","action":"GetUpdates Response", "result":"Success", "context":Received 3 update(s). cV=yvua0Awq9spOBmCoz77rp0.0;server=GENERAL1100000K;cloudType=Consumer;environment=Prod_EastUS_000w;migrationStage=NotStarted}
{"logTime": "0601/182550", "correlationVector":"agjnGpc0FbhCz9H95u3zIg","action":"Commit Request", "result":"", "context":Item count: 2
Contributing types: Preferences, Sessions}
{"logTime": "0601/182551", "correlationVector":"agjnGpc0FbhCz9H95u3zIg.1","action":"SyncServerConnectionManagerRequest", "result":"SYNC_SERVER_OK", "context":{"environment":"Prod_EastUS_000w", "migrationStage":"NotStarted", "server":"GENERAL1100000F"}}
{"logTime": "0601/182551", "correlationVector":"agjnGpc0FbhCz9H95u3zIg.2","action":"Commit Response", "result":"Success", "context":Result: Success. cV=agjnGpc0FbhCz9H95u3zIg.0;server=GENERAL1100000F;cloudType=Consumer;environment=Prod_EastUS_000w;migrationStage=NotStarted}
{"logTime": "0601/182637", "correlationVector":"yliBbSbrcRMatTPrX96DLU","action":"Commit Request", "result":"", "context":Item count: 1
Contributing types: Typed URLs}
{"logTime": "0601/182638", "correlationVector":"yliBbSbrcRMatTPrX96DLU.1","action":"SyncServerConnectionManagerRequest", "result":"SYNC_SERVER_OK", "context":{"environment":"Prod_EastUS2_000e", "migrationStage":"NotStarted", "server":"GENERAL0100000A"}}
{"logTime": "0601/182638", "correlationVector":"yliBbSbrcRMatTPrX96DLU.2","action":"Commit Response", "result":"Success", "context":Result: Success. cV=yliBbSbrcRMatTPrX96DLU.0;server=GENERAL0100000A;cloudType=Consumer;environment=Prod_EastUS2_000e;migrationStage=NotStarted}
{"logTime": "0601/182655", "correlationVector":"MSQCBh6IjlKu9WaZ+JiLmj","action":"Normal GetUpdate request", "result":"", "context":cV=MSQCBh6IjlKu9WaZ+JiLmj
Notified types: Preferences}
{"logTime": "0601/182655", "correlationVector":"MSQCBh6IjlKu9WaZ+JiLmj.1","action":"SyncServerConnectionManagerRequest", "result":"SYNC_SERVER_OK", "context":{"environment":"Prod_EastUS2_000e", "migrationStage":"NotStarted", "server":"GENERAL01000026"}}
{"logTime": "0601/182655", "correlationVector":"MSQCBh6IjlKu9WaZ+JiLmj.2","action":"GetUpdates Response", "result":"Success", "context":Received 4 update(s). cV=MSQCBh6IjlKu9WaZ+JiLmj.0;server=GENERAL01000026;cloudType=Consumer;environment=Prod_EastUS2_000e;migrationStage=NotStarted}
{"logTime": "0601/182823", "correlationVector":"heZT1QN7/z4KBW9WoRtnFe","action":"Commit Request", "result":"", "context":Item count: 1
Contributing types: Sessions}
{"logTime": "0601/182823", "correlationVector":"heZT1QN7/z4KBW9WoRtnFe.1","action":"SyncServerConnectionManagerRequest", "result":"SYNC_SERVER_OK", "context":{"environment":"Prod_EastUS2_000e", "migrationStage":"NotStarted", "server":"GENERAL01000034"}}
{"logTime": "0601/182823", "correlationVector":"heZT1QN7/z4KBW9WoRtnFe.2","action":"Commit Response", "result":"Success", "context":Result: Success. cV=heZT1QN7/z4KBW9WoRtnFe.0;server=GENERAL01000034;cloudType=Consumer;environment=Prod_EastUS2_000e;migrationStage=NotStarted}
{"logTime": "0601/183039", "correlationVector":"vi1sGrkRdaqIUF+0DI1fEn","action":"Normal GetUpdate request", "result":"", "context":cV=vi1sGrkRdaqIUF+0DI1fEn
Refresh requested types: Bookmarks, Preferences, Passwords, Autofill Profiles, Autofill, Typed URLs, Extensions, Sessions, Extension settings, History Delete Directives, Device Info, User Consents, Send Tab To Self, Web Apps, Collection, Edge E Drop, Edge Hub App Usage, Edge Tab Group, Edge Wallet, Encryption Keys}
{"logTime": "0601/183039", "correlationVector":"vi1sGrkRdaqIUF+0DI1fEn.1","action":"SyncServerConnectionManagerRequest", "result":"SYNC_SERVER_OK", "context":{"environment":"Prod_EastUS2_000e", "migrationStage":"NotStarted", "server":"GENERAL0100002O"}}
{"logTime": "0601/183039", "correlationVector":"vi1sGrkRdaqIUF+0DI1fEn.2","action":"GetUpdates Response", "result":"Success", "context":Received 2 update(s). cV=vi1sGrkRdaqIUF+0DI1fEn.0;server=GENERAL0100002O;cloudType=Consumer;environment=Prod_EastUS2_000e;migrationStage=NotStarted}
